2020-10-10 15:43:36.535 [background-preinit] DEBUG o.h.v.i.engine.ValidatorFactoryConfigurationHelper - HV000252: Using org.hibernate.validator.internal.engine.DefaultPropertyNodeNameProvider as property node name provider.
2020-10-10 15:43:36.652 [main] INFO  com.dong.empty.SpringbootEmptyApplication - Starting SpringbootEmptyApplication on DESKTOP-NEGHJBV with PID 17716 (D:\workspaces\myself\springboot_empty\target\classes started by asheng in D:\workspaces\myself\springboot_empty)
2020-10-10 15:43:36.654 [main] INFO  com.dong.empty.SpringbootEmptyApplication - No active profile set, falling back to default profiles: default
2020-10-10 15:43:38.171 [main] INFO  o.s.boot.web.embedded.tomcat.TomcatWebServer - Tomcat initialized with port(s): 9092 (http)
2020-10-10 15:43:38.180 [main] INFO  org.apache.coyote.http11.Http11NioProtocol - Initializing ProtocolHandler ["http-nio-9092"]
2020-10-10 15:43:38.181 [main] INFO  org.apache.catalina.core.StandardService - Starting service [Tomcat]
2020-10-10 15:43:38.181 [main] INFO  org.apache.catalina.core.StandardEngine - Starting Servlet engine: [Apache Tomcat/9.0.37]
2020-10-10 15:43:38.303 [main] INFO  o.a.c.core.ContainerBase.[Tomcat].[localhost].[/] - Initializing Spring embedded WebApplicationContext
2020-10-10 15:43:38.303 [main] INFO  o.s.b.w.s.c.ServletWebServerApplicationContext - Root WebApplicationContext: initialization completed in 1579 ms
2020-10-10 15:43:38.704 [main] INFO  o.s.scheduling.concurrent.ThreadPoolTaskExecutor - Initializing ExecutorService 'applicationTaskExecutor'
2020-10-10 15:43:38.943 [main] INFO  c.a.d.s.b.a.DruidDataSourceAutoConfigure - Init DruidDataSource
2020-10-10 15:43:41.422 [main] INFO  com.alibaba.druid.pool.DruidDataSource - {dataSource-1} inited
2020-10-10 15:43:42.306 [main] INFO  org.apache.coyote.http11.Http11NioProtocol - Starting ProtocolHandler ["http-nio-9092"]
2020-10-10 15:43:42.347 [main] INFO  o.s.boot.web.embedded.tomcat.TomcatWebServer - Tomcat started on port(s): 9092 (http) with context path ''
2020-10-10 15:43:42.363 [main] INFO  com.dong.empty.SpringbootEmptyApplication - Started SpringbootEmptyApplication in 6.394 seconds (JVM running for 8.629)
2020-10-10 15:43:53.258 [http-nio-9092-exec-1] INFO  o.a.c.core.ContainerBase.[Tomcat].[localhost].[/] - Initializing Spring DispatcherServlet 'dispatcherServlet'
2020-10-10 15:43:53.258 [http-nio-9092-exec-1] INFO  org.springframework.web.servlet.DispatcherServlet - Initializing Servlet 'dispatcherServlet'
2020-10-10 15:43:53.266 [http-nio-9092-exec-1] INFO  org.springframework.web.servlet.DispatcherServlet - Completed initialization in 8 ms
2020-10-10 15:43:53.282 [http-nio-9092-exec-1] INFO  c.d.e.g.config.interceptor.RequestLogInterceptor - http://127.0.0.1:9092/login/
2020-10-10 15:43:53.300 [http-nio-9092-exec-1] INFO  c.d.e.g.config.aop.permission.PermissionAspect - RateLimiterAspect: className:LoginController,methodName:login
2020-10-10 15:43:53.406 [http-nio-9092-exec-2] INFO  c.d.e.g.config.interceptor.RequestLogInterceptor - http://127.0.0.1:9092/favicon.ico
2020-10-10 15:43:53.413 [http-nio-9092-exec-2] INFO  c.d.e.g.config.interceptor.RequestLogInterceptor - http://127.0.0.1:9092/error
2020-10-10 15:43:55.088 [http-nio-9092-exec-4] INFO  c.d.e.g.config.interceptor.RequestLogInterceptor - http://127.0.0.1:9092/login/
2020-10-10 15:43:55.089 [http-nio-9092-exec-4] INFO  c.d.e.g.config.aop.permission.PermissionAspect - RateLimiterAspect: className:LoginController,methodName:login
2020-10-10 15:43:56.670 [http-nio-9092-exec-3] INFO  c.d.e.g.config.interceptor.RequestLogInterceptor - http://127.0.0.1:9092/login/
2020-10-10 15:43:56.670 [http-nio-9092-exec-3] INFO  c.d.e.g.config.aop.permission.PermissionAspect - RateLimiterAspect: className:LoginController,methodName:login
2020-10-10 15:44:36.692 [http-nio-9092-exec-5] INFO  c.d.e.g.config.interceptor.RequestLogInterceptor - http://127.0.0.1:9092/login
2020-10-10 15:44:36.692 [http-nio-9092-exec-5] INFO  c.d.e.g.config.aop.permission.PermissionAspect - RateLimiterAspect: className:LoginController,methodName:login
2020-10-10 15:44:38.307 [http-nio-9092-exec-8] INFO  c.d.e.g.config.interceptor.RequestLogInterceptor - http://127.0.0.1:9092/login
2020-10-10 15:44:38.308 [http-nio-9092-exec-8] INFO  c.d.e.g.config.aop.permission.PermissionAspect - RateLimiterAspect: className:LoginController,methodName:login
2020-10-10 15:44:39.570 [http-nio-9092-exec-6] INFO  c.d.e.g.config.interceptor.RequestLogInterceptor - http://127.0.0.1:9092/login
2020-10-10 15:44:39.570 [http-nio-9092-exec-6] INFO  c.d.e.g.config.aop.permission.PermissionAspect - RateLimiterAspect: className:LoginController,methodName:login
2020-10-10 15:44:40.697 [http-nio-9092-exec-9] INFO  c.d.e.g.config.interceptor.RequestLogInterceptor - http://127.0.0.1:9092/login
2020-10-10 15:44:40.697 [http-nio-9092-exec-9] INFO  c.d.e.g.config.aop.permission.PermissionAspect - RateLimiterAspect: className:LoginController,methodName:login
2020-10-10 15:44:41.646 [http-nio-9092-exec-7] INFO  c.d.e.g.config.interceptor.RequestLogInterceptor - http://127.0.0.1:9092/login
2020-10-10 15:44:41.646 [http-nio-9092-exec-7] INFO  c.d.e.g.config.aop.permission.PermissionAspect - RateLimiterAspect: className:LoginController,methodName:login
2020-10-10 15:44:43.057 [http-nio-9092-exec-10] INFO  c.d.e.g.config.interceptor.RequestLogInterceptor - http://127.0.0.1:9092/login
2020-10-10 15:44:43.057 [http-nio-9092-exec-10] INFO  c.d.e.g.config.aop.permission.PermissionAspect - RateLimiterAspect: className:LoginController,methodName:login
2020-10-10 15:44:44.242 [http-nio-9092-exec-1] INFO  c.d.e.g.config.interceptor.RequestLogInterceptor - http://127.0.0.1:9092/login
2020-10-10 15:44:44.243 [http-nio-9092-exec-1] INFO  c.d.e.g.config.aop.permission.PermissionAspect - RateLimiterAspect: className:LoginController,methodName:login
2020-10-10 15:44:45.715 [http-nio-9092-exec-2] INFO  c.d.e.g.config.interceptor.RequestLogInterceptor - http://127.0.0.1:9092/login
2020-10-10 15:44:45.715 [http-nio-9092-exec-2] INFO  c.d.e.g.config.aop.permission.PermissionAspect - RateLimiterAspect: className:LoginController,methodName:login
2020-10-10 15:44:47.026 [http-nio-9092-exec-4] INFO  c.d.e.g.config.interceptor.RequestLogInterceptor - http://127.0.0.1:9092/login
2020-10-10 15:44:47.026 [http-nio-9092-exec-4] INFO  c.d.e.g.config.aop.permission.PermissionAspect - RateLimiterAspect: className:LoginController,methodName:login
2020-10-10 15:45:04.174 [http-nio-9092-exec-5] INFO  c.d.e.g.config.interceptor.RequestLogInterceptor - http://127.0.0.1:9092/login
2020-10-10 15:45:12.170 [http-nio-9092-exec-5] INFO  c.d.e.g.config.aop.permission.PermissionAspect - RateLimiterAspect: className:LoginController,methodName:login
2020-10-10 15:46:22.216 [SpringContextShutdownHook] INFO  com.alibaba.druid.pool.DruidDataSource - {dataSource-1} closing ...
2020-10-10 15:46:22.222 [SpringContextShutdownHook] INFO  com.alibaba.druid.pool.DruidDataSource - {dataSource-1} closed
2020-10-10 15:46:22.222 [SpringContextShutdownHook] INFO  o.s.scheduling.concurrent.ThreadPoolTaskExecutor - Shutting down ExecutorService 'applicationTaskExecutor'
2020-10-10 15:46:28.783 [main] INFO  com.dong.empty.SpringbootEmptyApplication - Starting SpringbootEmptyApplication on DESKTOP-NEGHJBV with PID 2228 (D:\workspaces\myself\springboot_empty\target\classes started by asheng in D:\workspaces\myself\springboot_empty)
2020-10-10 15:46:28.788 [main] INFO  com.dong.empty.SpringbootEmptyApplication - No active profile set, falling back to default profiles: default
2020-10-10 15:46:30.040 [main] INFO  o.s.boot.web.embedded.tomcat.TomcatWebServer - Tomcat initialized with port(s): 9092 (http)
2020-10-10 15:46:30.048 [main] INFO  org.apache.coyote.http11.Http11NioProtocol - Initializing ProtocolHandler ["http-nio-9092"]
2020-10-10 15:46:30.048 [main] INFO  org.apache.catalina.core.StandardService - Starting service [Tomcat]
2020-10-10 15:46:30.048 [main] INFO  org.apache.catalina.core.StandardEngine - Starting Servlet engine: [Apache Tomcat/9.0.37]
2020-10-10 15:46:30.164 [main] INFO  o.a.c.core.ContainerBase.[Tomcat].[localhost].[/] - Initializing Spring embedded WebApplicationContext
2020-10-10 15:46:30.164 [main] INFO  o.s.b.w.s.c.ServletWebServerApplicationContext - Root WebApplicationContext: initialization completed in 1313 ms
2020-10-10 15:46:30.455 [main] INFO  o.s.scheduling.concurrent.ThreadPoolTaskExecutor - Initializing ExecutorService 'applicationTaskExecutor'
2020-10-10 15:46:30.621 [main] INFO  c.a.d.s.b.a.DruidDataSourceAutoConfigure - Init DruidDataSource
2020-10-10 15:46:32.105 [main] INFO  com.alibaba.druid.pool.DruidDataSource - {dataSource-1} inited
2020-10-10 15:46:32.357 [main] INFO  org.apache.coyote.http11.Http11NioProtocol - Starting ProtocolHandler ["http-nio-9092"]
2020-10-10 15:46:32.379 [main] INFO  o.s.boot.web.embedded.tomcat.TomcatWebServer - Tomcat started on port(s): 9092 (http) with context path ''
2020-10-10 15:46:32.388 [main] INFO  com.dong.empty.SpringbootEmptyApplication - Started SpringbootEmptyApplication in 4.218 seconds (JVM running for 6.443)
2020-10-10 15:46:35.343 [http-nio-9092-exec-1] INFO  o.a.c.core.ContainerBase.[Tomcat].[localhost].[/] - Initializing Spring DispatcherServlet 'dispatcherServlet'
2020-10-10 15:46:35.343 [http-nio-9092-exec-1] INFO  org.springframework.web.servlet.DispatcherServlet - Initializing Servlet 'dispatcherServlet'
2020-10-10 15:46:35.351 [http-nio-9092-exec-1] INFO  org.springframework.web.servlet.DispatcherServlet - Completed initialization in 8 ms
2020-10-10 15:46:35.364 [http-nio-9092-exec-1] INFO  c.d.e.g.config.interceptor.RequestLogInterceptor - http://127.0.0.1:9092/login
2020-10-10 15:46:35.380 [http-nio-9092-exec-1] INFO  c.d.e.g.config.aop.permission.PermissionAspect - RateLimiterAspect: className:LoginController,methodName:login
2020-10-10 15:46:36.542 [http-nio-9092-exec-2] INFO  c.d.e.g.config.interceptor.RequestLogInterceptor - http://127.0.0.1:9092/login
2020-10-10 15:46:36.542 [http-nio-9092-exec-2] INFO  c.d.e.g.config.aop.permission.PermissionAspect - RateLimiterAspect: className:LoginController,methodName:login
2020-10-10 15:46:37.751 [http-nio-9092-exec-3] INFO  c.d.e.g.config.interceptor.RequestLogInterceptor - http://127.0.0.1:9092/login
2020-10-10 15:46:37.751 [http-nio-9092-exec-3] INFO  c.d.e.g.config.aop.permission.PermissionAspect - RateLimiterAspect: className:LoginController,methodName:login
2020-10-10 15:46:37.751 [http-nio-9092-exec-3] ERROR c.d.e.g.config.aop.permission.PermissionAspect - 流量访问过大: className:LoginController,methodName:login
2020-10-10 15:46:39.501 [http-nio-9092-exec-4] INFO  c.d.e.g.config.interceptor.RequestLogInterceptor - http://127.0.0.1:9092/login
2020-10-10 15:46:39.502 [http-nio-9092-exec-4] INFO  c.d.e.g.config.aop.permission.PermissionAspect - RateLimiterAspect: className:LoginController,methodName:login
2020-10-10 15:46:40.495 [http-nio-9092-exec-5] INFO  c.d.e.g.config.interceptor.RequestLogInterceptor - http://127.0.0.1:9092/login
2020-10-10 15:46:40.495 [http-nio-9092-exec-5] INFO  c.d.e.g.config.aop.permission.PermissionAspect - RateLimiterAspect: className:LoginController,methodName:login
2020-10-10 15:46:41.366 [http-nio-9092-exec-6] INFO  c.d.e.g.config.interceptor.RequestLogInterceptor - http://127.0.0.1:9092/login
2020-10-10 15:46:41.366 [http-nio-9092-exec-6] INFO  c.d.e.g.config.aop.permission.PermissionAspect - RateLimiterAspect: className:LoginController,methodName:login
2020-10-10 15:46:41.367 [http-nio-9092-exec-6] ERROR c.d.e.g.config.aop.permission.PermissionAspect - 流量访问过大: className:LoginController,methodName:login
2020-10-10 15:46:42.643 [http-nio-9092-exec-7] INFO  c.d.e.g.config.interceptor.RequestLogInterceptor - http://127.0.0.1:9092/login
2020-10-10 15:46:42.643 [http-nio-9092-exec-7] INFO  c.d.e.g.config.aop.permission.PermissionAspect - RateLimiterAspect: className:LoginController,methodName:login
2020-10-10 15:46:43.987 [http-nio-9092-exec-8] INFO  c.d.e.g.config.interceptor.RequestLogInterceptor - http://127.0.0.1:9092/login
2020-10-10 15:46:43.987 [http-nio-9092-exec-8] INFO  c.d.e.g.config.aop.permission.PermissionAspect - RateLimiterAspect: className:LoginController,methodName:login
2020-10-10 15:46:43.987 [http-nio-9092-exec-8] ERROR c.d.e.g.config.aop.permission.PermissionAspect - 流量访问过大: className:LoginController,methodName:login
2020-10-10 15:46:46.199 [http-nio-9092-exec-9] INFO  c.d.e.g.config.interceptor.RequestLogInterceptor - http://127.0.0.1:9092/login
2020-10-10 15:46:46.199 [http-nio-9092-exec-9] INFO  c.d.e.g.config.aop.permission.PermissionAspect - RateLimiterAspect: className:LoginController,methodName:login
2020-10-10 15:46:46.584 [http-nio-9092-exec-10] INFO  c.d.e.g.config.interceptor.RequestLogInterceptor - http://127.0.0.1:9092/login
2020-10-10 15:46:46.585 [http-nio-9092-exec-10] INFO  c.d.e.g.config.aop.permission.PermissionAspect - RateLimiterAspect: className:LoginController,methodName:login
2020-10-10 15:46:49.608 [http-nio-9092-exec-1] INFO  c.d.e.g.config.interceptor.RequestLogInterceptor - http://127.0.0.1:9092/login
2020-10-10 15:46:49.608 [http-nio-9092-exec-1] INFO  c.d.e.g.config.aop.permission.PermissionAspect - RateLimiterAspect: className:LoginController,methodName:login
2020-10-10 15:46:51.055 [http-nio-9092-exec-2] INFO  c.d.e.g.config.interceptor.RequestLogInterceptor - http://127.0.0.1:9092/login
2020-10-10 15:46:51.055 [http-nio-9092-exec-2] INFO  c.d.e.g.config.aop.permission.PermissionAspect - RateLimiterAspect: className:LoginController,methodName:login
2020-10-10 15:46:51.678 [http-nio-9092-exec-3] INFO  c.d.e.g.config.interceptor.RequestLogInterceptor - http://127.0.0.1:9092/login
2020-10-10 15:46:51.679 [http-nio-9092-exec-3] INFO  c.d.e.g.config.aop.permission.PermissionAspect - RateLimiterAspect: className:LoginController,methodName:login
2020-10-10 15:46:51.679 [http-nio-9092-exec-3] ERROR c.d.e.g.config.aop.permission.PermissionAspect - 流量访问过大: className:LoginController,methodName:login
2020-10-10 15:46:52.395 [http-nio-9092-exec-4] INFO  c.d.e.g.config.interceptor.RequestLogInterceptor - http://127.0.0.1:9092/login
2020-10-10 15:46:52.395 [http-nio-9092-exec-4] INFO  c.d.e.g.config.aop.permission.PermissionAspect - RateLimiterAspect: className:LoginController,methodName:login
2020-10-10 15:46:52.952 [http-nio-9092-exec-6] INFO  c.d.e.g.config.interceptor.RequestLogInterceptor - http://127.0.0.1:9092/login
2020-10-10 15:46:52.953 [http-nio-9092-exec-6] INFO  c.d.e.g.config.aop.permission.PermissionAspect - RateLimiterAspect: className:LoginController,methodName:login
2020-10-10 15:46:52.953 [http-nio-9092-exec-6] ERROR c.d.e.g.config.aop.permission.PermissionAspect - 流量访问过大: className:LoginController,methodName:login
2020-10-10 15:47:25.217 [SpringContextShutdownHook] INFO  com.alibaba.druid.pool.DruidDataSource - {dataSource-1} closing ...
2020-10-10 15:47:25.222 [SpringContextShutdownHook] INFO  com.alibaba.druid.pool.DruidDataSource - {dataSource-1} closed
2020-10-10 15:47:25.222 [SpringContextShutdownHook] INFO  o.s.scheduling.concurrent.ThreadPoolTaskExecutor - Shutting down ExecutorService 'applicationTaskExecutor'
2020-10-10 15:47:31.519 [main] INFO  com.dong.empty.SpringbootEmptyApplication - Starting SpringbootEmptyApplication on DESKTOP-NEGHJBV with PID 10316 (D:\workspaces\myself\springboot_empty\target\classes started by asheng in D:\workspaces\myself\springboot_empty)
2020-10-10 15:47:31.523 [main] INFO  com.dong.empty.SpringbootEmptyApplication - No active profile set, falling back to default profiles: default
2020-10-10 15:47:32.917 [main] INFO  o.s.boot.web.embedded.tomcat.TomcatWebServer - Tomcat initialized with port(s): 9092 (http)
2020-10-10 15:47:32.931 [main] INFO  org.apache.coyote.http11.Http11NioProtocol - Initializing ProtocolHandler ["http-nio-9092"]
2020-10-10 15:47:32.932 [main] INFO  org.apache.catalina.core.StandardService - Starting service [Tomcat]
2020-10-10 15:47:32.932 [main] INFO  org.apache.catalina.core.StandardEngine - Starting Servlet engine: [Apache Tomcat/9.0.37]
2020-10-10 15:47:33.059 [main] INFO  o.a.c.core.ContainerBase.[Tomcat].[localhost].[/] - Initializing Spring embedded WebApplicationContext
2020-10-10 15:47:33.059 [main] INFO  o.s.b.w.s.c.ServletWebServerApplicationContext - Root WebApplicationContext: initialization completed in 1471 ms
2020-10-10 15:47:33.417 [main] INFO  o.s.scheduling.concurrent.ThreadPoolTaskExecutor - Initializing ExecutorService 'applicationTaskExecutor'
2020-10-10 15:47:33.596 [main] INFO  c.a.d.s.b.a.DruidDataSourceAutoConfigure - Init DruidDataSource
2020-10-10 15:47:35.099 [main] INFO  com.alibaba.druid.pool.DruidDataSource - {dataSource-1} inited
2020-10-10 15:47:35.352 [main] INFO  org.apache.coyote.http11.Http11NioProtocol - Starting ProtocolHandler ["http-nio-9092"]
2020-10-10 15:47:35.374 [main] INFO  o.s.boot.web.embedded.tomcat.TomcatWebServer - Tomcat started on port(s): 9092 (http) with context path ''
2020-10-10 15:47:35.383 [main] INFO  com.dong.empty.SpringbootEmptyApplication - Started SpringbootEmptyApplication in 4.505 seconds (JVM running for 6.688)
2020-10-10 15:47:37.876 [http-nio-9092-exec-1] INFO  o.a.c.core.ContainerBase.[Tomcat].[localhost].[/] - Initializing Spring DispatcherServlet 'dispatcherServlet'
2020-10-10 15:47:37.876 [http-nio-9092-exec-1] INFO  org.springframework.web.servlet.DispatcherServlet - Initializing Servlet 'dispatcherServlet'
2020-10-10 15:47:37.884 [http-nio-9092-exec-1] INFO  org.springframework.web.servlet.DispatcherServlet - Completed initialization in 8 ms
2020-10-10 15:47:37.898 [http-nio-9092-exec-1] INFO  c.d.e.g.config.interceptor.RequestLogInterceptor - http://127.0.0.1:9092/login
2020-10-10 15:47:37.921 [http-nio-9092-exec-1] INFO  c.d.e.g.config.aop.permission.PermissionAspect - RateLimiterAspect: className:LoginController,methodName:login
2020-10-10 15:50:41.243 [SpringContextShutdownHook] INFO  com.alibaba.druid.pool.DruidDataSource - {dataSource-1} closing ...
2020-10-10 15:50:41.249 [SpringContextShutdownHook] INFO  com.alibaba.druid.pool.DruidDataSource - {dataSource-1} closed
2020-10-10 15:50:41.250 [SpringContextShutdownHook] INFO  o.s.scheduling.concurrent.ThreadPoolTaskExecutor - Shutting down ExecutorService 'applicationTaskExecutor'
2020-10-10 15:50:47.925 [main] INFO  com.dong.empty.SpringbootEmptyApplication - Starting SpringbootEmptyApplication on DESKTOP-NEGHJBV with PID 14304 (D:\workspaces\myself\springboot_empty\target\classes started by asheng in D:\workspaces\myself\springboot_empty)
2020-10-10 15:50:47.929 [main] INFO  com.dong.empty.SpringbootEmptyApplication - No active profile set, falling back to default profiles: default
2020-10-10 15:50:49.339 [main] INFO  o.s.boot.web.embedded.tomcat.TomcatWebServer - Tomcat initialized with port(s): 9092 (http)
2020-10-10 15:50:49.352 [main] INFO  org.apache.coyote.http11.Http11NioProtocol - Initializing ProtocolHandler ["http-nio-9092"]
2020-10-10 15:50:49.353 [main] INFO  org.apache.catalina.core.StandardService - Starting service [Tomcat]
2020-10-10 15:50:49.353 [main] INFO  org.apache.catalina.core.StandardEngine - Starting Servlet engine: [Apache Tomcat/9.0.37]
2020-10-10 15:50:49.492 [main] INFO  o.a.c.core.ContainerBase.[Tomcat].[localhost].[/] - Initializing Spring embedded WebApplicationContext
2020-10-10 15:50:49.493 [main] INFO  o.s.b.w.s.c.ServletWebServerApplicationContext - Root WebApplicationContext: initialization completed in 1500 ms
2020-10-10 15:50:49.872 [main] INFO  o.s.scheduling.concurrent.ThreadPoolTaskExecutor - Initializing ExecutorService 'applicationTaskExecutor'
2020-10-10 15:50:50.060 [main] INFO  c.a.d.s.b.a.DruidDataSourceAutoConfigure - Init DruidDataSource
2020-10-10 15:50:51.946 [main] INFO  com.alibaba.druid.pool.DruidDataSource - {dataSource-1} inited
2020-10-10 15:50:52.224 [main] INFO  org.apache.coyote.http11.Http11NioProtocol - Starting ProtocolHandler ["http-nio-9092"]
2020-10-10 15:50:52.248 [main] INFO  o.s.boot.web.embedded.tomcat.TomcatWebServer - Tomcat started on port(s): 9092 (http) with context path ''
2020-10-10 15:50:52.258 [main] INFO  com.dong.empty.SpringbootEmptyApplication - Started SpringbootEmptyApplication in 4.982 seconds (JVM running for 7.224)
2020-10-10 15:51:01.472 [http-nio-9092-exec-1] INFO  o.a.c.core.ContainerBase.[Tomcat].[localhost].[/] - Initializing Spring DispatcherServlet 'dispatcherServlet'
2020-10-10 15:51:01.472 [http-nio-9092-exec-1] INFO  org.springframework.web.servlet.DispatcherServlet - Initializing Servlet 'dispatcherServlet'
2020-10-10 15:51:01.481 [http-nio-9092-exec-1] INFO  org.springframework.web.servlet.DispatcherServlet - Completed initialization in 8 ms
2020-10-10 15:51:01.493 [http-nio-9092-exec-1] INFO  c.d.e.g.config.interceptor.RequestLogInterceptor - http://127.0.0.1:9092/login
2020-10-10 15:51:01.508 [http-nio-9092-exec-1] INFO  c.d.e.g.config.aop.permission.PermissionAspect - RateLimiterAspect: className:LoginController,methodName:login
2020-10-10 15:51:52.515 [SpringContextShutdownHook] INFO  com.alibaba.druid.pool.DruidDataSource - {dataSource-1} closing ...
2020-10-10 15:51:52.519 [SpringContextShutdownHook] INFO  com.alibaba.druid.pool.DruidDataSource - {dataSource-1} closed
2020-10-10 15:51:52.520 [SpringContextShutdownHook] INFO  o.s.scheduling.concurrent.ThreadPoolTaskExecutor - Shutting down ExecutorService 'applicationTaskExecutor'
2020-10-10 15:51:59.690 [main] INFO  com.dong.empty.SpringbootEmptyApplication - Starting SpringbootEmptyApplication on DESKTOP-NEGHJBV with PID 148 (D:\workspaces\myself\springboot_empty\target\classes started by asheng in D:\workspaces\myself\springboot_empty)
2020-10-10 15:51:59.694 [main] INFO  com.dong.empty.SpringbootEmptyApplication - No active profile set, falling back to default profiles: default
2020-10-10 15:52:00.994 [main] INFO  o.s.boot.web.embedded.tomcat.TomcatWebServer - Tomcat initialized with port(s): 9092 (http)
2020-10-10 15:52:01.003 [main] INFO  org.apache.coyote.http11.Http11NioProtocol - Initializing ProtocolHandler ["http-nio-9092"]
2020-10-10 15:52:01.003 [main] INFO  org.apache.catalina.core.StandardService - Starting service [Tomcat]
2020-10-10 15:52:01.003 [main] INFO  org.apache.catalina.core.StandardEngine - Starting Servlet engine: [Apache Tomcat/9.0.37]
2020-10-10 15:52:01.119 [main] INFO  o.a.c.core.ContainerBase.[Tomcat].[localhost].[/] - Initializing Spring embedded WebApplicationContext
2020-10-10 15:52:01.119 [main] INFO  o.s.b.w.s.c.ServletWebServerApplicationContext - Root WebApplicationContext: initialization completed in 1366 ms
2020-10-10 15:52:01.409 [main] INFO  o.s.scheduling.concurrent.ThreadPoolTaskExecutor - Initializing ExecutorService 'applicationTaskExecutor'
2020-10-10 15:52:01.580 [main] INFO  c.a.d.s.b.a.DruidDataSourceAutoConfigure - Init DruidDataSource
2020-10-10 15:52:03.270 [main] INFO  com.alibaba.druid.pool.DruidDataSource - {dataSource-1} inited
2020-10-10 15:52:03.527 [main] INFO  org.apache.coyote.http11.Http11NioProtocol - Starting ProtocolHandler ["http-nio-9092"]
2020-10-10 15:52:03.548 [main] INFO  o.s.boot.web.embedded.tomcat.TomcatWebServer - Tomcat started on port(s): 9092 (http) with context path ''
2020-10-10 15:52:03.556 [main] INFO  com.dong.empty.SpringbootEmptyApplication - Started SpringbootEmptyApplication in 4.444 seconds (JVM running for 6.545)
2020-10-10 15:52:06.054 [http-nio-9092-exec-1] INFO  o.a.c.core.ContainerBase.[Tomcat].[localhost].[/] - Initializing Spring DispatcherServlet 'dispatcherServlet'
2020-10-10 15:52:06.054 [http-nio-9092-exec-1] INFO  org.springframework.web.servlet.DispatcherServlet - Initializing Servlet 'dispatcherServlet'
2020-10-10 15:52:06.062 [http-nio-9092-exec-1] INFO  org.springframework.web.servlet.DispatcherServlet - Completed initialization in 8 ms
2020-10-10 15:52:06.075 [http-nio-9092-exec-1] INFO  c.d.e.g.config.interceptor.RequestLogInterceptor - http://127.0.0.1:9092/login
2020-10-10 15:52:06.093 [http-nio-9092-exec-1] INFO  c.d.e.g.config.aop.permission.PermissionAspect - RateLimiterAspect: className:LoginController,methodName:login
2020-10-10 15:58:12.139 [SpringContextShutdownHook] INFO  com.alibaba.druid.pool.DruidDataSource - {dataSource-1} closing ...
2020-10-10 15:58:12.144 [SpringContextShutdownHook] INFO  com.alibaba.druid.pool.DruidDataSource - {dataSource-1} closed
2020-10-10 15:58:12.145 [SpringContextShutdownHook] INFO  o.s.scheduling.concurrent.ThreadPoolTaskExecutor - Shutting down ExecutorService 'applicationTaskExecutor'
2020-10-10 15:58:21.656 [main] INFO  com.dong.empty.SpringbootEmptyApplication - Starting SpringbootEmptyApplication on DESKTOP-NEGHJBV with PID 6040 (D:\workspaces\myself\springboot_empty\target\classes started by asheng in D:\workspaces\myself\springboot_empty)
2020-10-10 15:58:21.661 [main] INFO  com.dong.empty.SpringbootEmptyApplication - No active profile set, falling back to default profiles: default
2020-10-10 15:58:23.011 [main] INFO  o.s.boot.web.embedded.tomcat.TomcatWebServer - Tomcat initialized with port(s): 9092 (http)
2020-10-10 15:58:23.019 [main] INFO  org.apache.coyote.http11.Http11NioProtocol - Initializing ProtocolHandler ["http-nio-9092"]
2020-10-10 15:58:23.019 [main] INFO  org.apache.catalina.core.StandardService - Starting service [Tomcat]
2020-10-10 15:58:23.019 [main] INFO  org.apache.catalina.core.StandardEngine - Starting Servlet engine: [Apache Tomcat/9.0.37]
2020-10-10 15:58:23.132 [main] INFO  o.a.c.core.ContainerBase.[Tomcat].[localhost].[/] - Initializing Spring embedded WebApplicationContext
2020-10-10 15:58:23.132 [main] INFO  o.s.b.w.s.c.ServletWebServerApplicationContext - Root WebApplicationContext: initialization completed in 1406 ms
2020-10-10 15:58:23.439 [main] INFO  o.s.scheduling.concurrent.ThreadPoolTaskExecutor - Initializing ExecutorService 'applicationTaskExecutor'
2020-10-10 15:58:23.754 [main] INFO  c.a.d.s.b.a.DruidDataSourceAutoConfigure - Init DruidDataSource
2020-10-10 15:58:25.310 [main] INFO  com.alibaba.druid.pool.DruidDataSource - {dataSource-1} inited
2020-10-10 15:58:25.568 [main] INFO  org.apache.coyote.http11.Http11NioProtocol - Starting ProtocolHandler ["http-nio-9092"]
2020-10-10 15:58:25.589 [main] INFO  o.s.boot.web.embedded.tomcat.TomcatWebServer - Tomcat started on port(s): 9092 (http) with context path ''
2020-10-10 15:58:25.598 [main] INFO  com.dong.empty.SpringbootEmptyApplication - Started SpringbootEmptyApplication in 4.587 seconds (JVM running for 7.022)
2020-10-10 15:58:39.547 [http-nio-9092-exec-1] INFO  o.a.c.core.ContainerBase.[Tomcat].[localhost].[/] - Initializing Spring DispatcherServlet 'dispatcherServlet'
2020-10-10 15:58:39.547 [http-nio-9092-exec-1] INFO  org.springframework.web.servlet.DispatcherServlet - Initializing Servlet 'dispatcherServlet'
2020-10-10 15:58:39.554 [http-nio-9092-exec-1] INFO  org.springframework.web.servlet.DispatcherServlet - Completed initialization in 7 ms
2020-10-10 15:58:39.567 [http-nio-9092-exec-1] INFO  c.d.e.g.config.interceptor.RequestLogInterceptor - http://127.0.0.1:9092/login
2020-10-10 15:58:39.583 [http-nio-9092-exec-1] INFO  c.d.e.g.config.aop.permission.PermissionAspect - RateLimiterAspect: className:LoginController,methodName:login
2020-10-10 15:58:52.070 [http-nio-9092-exec-2] INFO  c.d.e.g.config.interceptor.RequestLogInterceptor - http://127.0.0.1:9092/login
2020-10-10 15:58:52.071 [http-nio-9092-exec-2] INFO  c.d.e.g.config.aop.permission.PermissionAspect - RateLimiterAspect: className:LoginController,methodName:login
2020-10-10 15:59:23.280 [SpringContextShutdownHook] INFO  com.alibaba.druid.pool.DruidDataSource - {dataSource-1} closing ...
2020-10-10 15:59:23.284 [SpringContextShutdownHook] INFO  com.alibaba.druid.pool.DruidDataSource - {dataSource-1} closed
2020-10-10 15:59:23.285 [SpringContextShutdownHook] INFO  o.s.scheduling.concurrent.ThreadPoolTaskExecutor - Shutting down ExecutorService 'applicationTaskExecutor'
2020-10-10 15:59:29.646 [main] INFO  com.dong.empty.SpringbootEmptyApplication - Starting SpringbootEmptyApplication on DESKTOP-NEGHJBV with PID 5676 (D:\workspaces\myself\springboot_empty\target\classes started by asheng in D:\workspaces\myself\springboot_empty)
2020-10-10 15:59:29.651 [main] INFO  com.dong.empty.SpringbootEmptyApplication - No active profile set, falling back to default profiles: default
2020-10-10 15:59:30.892 [main] INFO  o.s.boot.web.embedded.tomcat.TomcatWebServer - Tomcat initialized with port(s): 9092 (http)
2020-10-10 15:59:30.901 [main] INFO  org.apache.coyote.http11.Http11NioProtocol - Initializing ProtocolHandler ["http-nio-9092"]
2020-10-10 15:59:30.901 [main] INFO  org.apache.catalina.core.StandardService - Starting service [Tomcat]
2020-10-10 15:59:30.901 [main] INFO  org.apache.catalina.core.StandardEngine - Starting Servlet engine: [Apache Tomcat/9.0.37]
2020-10-10 15:59:31.016 [main] INFO  o.a.c.core.ContainerBase.[Tomcat].[localhost].[/] - Initializing Spring embedded WebApplicationContext
2020-10-10 15:59:31.017 [main] INFO  o.s.b.w.s.c.ServletWebServerApplicationContext - Root WebApplicationContext: initialization completed in 1309 ms
2020-10-10 15:59:31.312 [main] INFO  o.s.scheduling.concurrent.ThreadPoolTaskExecutor - Initializing ExecutorService 'applicationTaskExecutor'
2020-10-10 15:59:31.481 [main] INFO  c.a.d.s.b.a.DruidDataSourceAutoConfigure - Init DruidDataSource
2020-10-10 15:59:33.151 [main] INFO  com.alibaba.druid.pool.DruidDataSource - {dataSource-1} inited
2020-10-10 15:59:33.550 [main] INFO  org.apache.coyote.http11.Http11NioProtocol - Starting ProtocolHandler ["http-nio-9092"]
2020-10-10 15:59:33.573 [main] INFO  o.s.boot.web.embedded.tomcat.TomcatWebServer - Tomcat started on port(s): 9092 (http) with context path ''
2020-10-10 15:59:33.585 [main] INFO  com.dong.empty.SpringbootEmptyApplication - Started SpringbootEmptyApplication in 4.551 seconds (JVM running for 6.666)
2020-10-10 15:59:43.226 [http-nio-9092-exec-2] INFO  o.a.c.core.ContainerBase.[Tomcat].[localhost].[/] - Initializing Spring DispatcherServlet 'dispatcherServlet'
2020-10-10 15:59:43.227 [http-nio-9092-exec-2] INFO  org.springframework.web.servlet.DispatcherServlet - Initializing Servlet 'dispatcherServlet'
2020-10-10 15:59:43.234 [http-nio-9092-exec-2] INFO  org.springframework.web.servlet.DispatcherServlet - Completed initialization in 7 ms
2020-10-10 15:59:43.246 [http-nio-9092-exec-2] INFO  c.d.e.g.config.interceptor.RequestLogInterceptor - http://127.0.0.1:9092/login
2020-10-10 15:59:43.262 [http-nio-9092-exec-2] INFO  c.d.e.g.config.aop.permission.PermissionAspect - RateLimiterAspect: className:LoginController,methodName:login
2020-10-10 16:03:58.194 [SpringContextShutdownHook] INFO  com.alibaba.druid.pool.DruidDataSource - {dataSource-1} closing ...
2020-10-10 16:03:58.199 [SpringContextShutdownHook] INFO  com.alibaba.druid.pool.DruidDataSource - {dataSource-1} closed
2020-10-10 16:03:58.199 [SpringContextShutdownHook] INFO  o.s.scheduling.concurrent.ThreadPoolTaskExecutor - Shutting down ExecutorService 'applicationTaskExecutor'
2020-10-10 16:04:04.572 [background-preinit] DEBUG o.h.v.i.engine.ValidatorFactoryConfigurationHelper - HV000252: Using org.hibernate.validator.internal.engine.DefaultPropertyNodeNameProvider as property node name provider.
2020-10-10 16:04:04.685 [main] INFO  com.dong.empty.SpringbootEmptyApplication - Starting SpringbootEmptyApplication on DESKTOP-NEGHJBV with PID 18896 (D:\workspaces\myself\springboot_empty\target\classes started by asheng in D:\workspaces\myself\springboot_empty)
2020-10-10 16:04:04.688 [main] INFO  com.dong.empty.SpringbootEmptyApplication - No active profile set, falling back to default profiles: default
2020-10-10 16:04:06.013 [main] INFO  o.s.boot.web.embedded.tomcat.TomcatWebServer - Tomcat initialized with port(s): 9092 (http)
2020-10-10 16:04:06.021 [main] INFO  org.apache.coyote.http11.Http11NioProtocol - Initializing ProtocolHandler ["http-nio-9092"]
2020-10-10 16:04:06.022 [main] INFO  org.apache.catalina.core.StandardService - Starting service [Tomcat]
2020-10-10 16:04:06.022 [main] INFO  org.apache.catalina.core.StandardEngine - Starting Servlet engine: [Apache Tomcat/9.0.37]
2020-10-10 16:04:06.136 [main] INFO  o.a.c.core.ContainerBase.[Tomcat].[localhost].[/] - Initializing Spring embedded WebApplicationContext
2020-10-10 16:04:06.136 [main] INFO  o.s.b.w.s.c.ServletWebServerApplicationContext - Root WebApplicationContext: initialization completed in 1384 ms
2020-10-10 16:04:06.457 [main] INFO  o.s.scheduling.concurrent.ThreadPoolTaskExecutor - Initializing ExecutorService 'applicationTaskExecutor'
2020-10-10 16:04:06.636 [main] INFO  c.a.d.s.b.a.DruidDataSourceAutoConfigure - Init DruidDataSource
2020-10-10 16:04:08.141 [main] INFO  com.alibaba.druid.pool.DruidDataSource - {dataSource-1} inited
2020-10-10 16:04:08.438 [main] INFO  org.apache.coyote.http11.Http11NioProtocol - Starting ProtocolHandler ["http-nio-9092"]
2020-10-10 16:04:08.469 [main] INFO  o.s.boot.web.embedded.tomcat.TomcatWebServer - Tomcat started on port(s): 9092 (http) with context path ''
2020-10-10 16:04:08.481 [main] INFO  com.dong.empty.SpringbootEmptyApplication - Started SpringbootEmptyApplication in 4.477 seconds (JVM running for 6.816)
2020-10-10 16:04:26.511 [http-nio-9092-exec-1] INFO  o.a.c.core.ContainerBase.[Tomcat].[localhost].[/] - Initializing Spring DispatcherServlet 'dispatcherServlet'
2020-10-10 16:04:26.511 [http-nio-9092-exec-1] INFO  org.springframework.web.servlet.DispatcherServlet - Initializing Servlet 'dispatcherServlet'
2020-10-10 16:04:26.518 [http-nio-9092-exec-1] INFO  org.springframework.web.servlet.DispatcherServlet - Completed initialization in 7 ms
2020-10-10 16:04:26.531 [http-nio-9092-exec-1] INFO  c.d.e.g.config.interceptor.RequestLogInterceptor - http://127.0.0.1:9092/login
2020-10-10 16:04:26.548 [http-nio-9092-exec-1] INFO  c.d.e.g.config.aop.permission.PermissionAspect - RateLimiterAspect: className:LoginController,methodName:login
2020-10-10 16:07:43.325 [SpringContextShutdownHook] INFO  com.alibaba.druid.pool.DruidDataSource - {dataSource-1} closing ...
2020-10-10 16:07:43.331 [SpringContextShutdownHook] INFO  com.alibaba.druid.pool.DruidDataSource - {dataSource-1} closed
2020-10-10 16:07:43.332 [SpringContextShutdownHook] INFO  o.s.scheduling.concurrent.ThreadPoolTaskExecutor - Shutting down ExecutorService 'applicationTaskExecutor'
2020-10-10 16:07:49.587 [main] INFO  com.dong.empty.SpringbootEmptyApplication - Starting SpringbootEmptyApplication on DESKTOP-NEGHJBV with PID 8784 (D:\workspaces\myself\springboot_empty\target\classes started by asheng in D:\workspaces\myself\springboot_empty)
2020-10-10 16:07:49.590 [main] INFO  com.dong.empty.SpringbootEmptyApplication - No active profile set, falling back to default profiles: default
2020-10-10 16:07:50.883 [main] INFO  o.s.boot.web.embedded.tomcat.TomcatWebServer - Tomcat initialized with port(s): 9092 (http)
2020-10-10 16:07:50.891 [main] INFO  org.apache.coyote.http11.Http11NioProtocol - Initializing ProtocolHandler ["http-nio-9092"]
2020-10-10 16:07:50.892 [main] INFO  org.apache.catalina.core.StandardService - Starting service [Tomcat]
2020-10-10 16:07:50.892 [main] INFO  org.apache.catalina.core.StandardEngine - Starting Servlet engine: [Apache Tomcat/9.0.37]
2020-10-10 16:07:51.010 [main] INFO  o.a.c.core.ContainerBase.[Tomcat].[localhost].[/] - Initializing Spring embedded WebApplicationContext
2020-10-10 16:07:51.010 [main] INFO  o.s.b.w.s.c.ServletWebServerApplicationContext - Root WebApplicationContext: initialization completed in 1363 ms
2020-10-10 16:07:51.329 [main] INFO  o.s.scheduling.concurrent.ThreadPoolTaskExecutor - Initializing ExecutorService 'applicationTaskExecutor'
2020-10-10 16:07:51.503 [main] INFO  c.a.d.s.b.a.DruidDataSourceAutoConfigure - Init DruidDataSource
2020-10-10 16:07:52.978 [main] INFO  com.alibaba.druid.pool.DruidDataSource - {dataSource-1} inited
2020-10-10 16:07:53.231 [main] INFO  org.apache.coyote.http11.Http11NioProtocol - Starting ProtocolHandler ["http-nio-9092"]
2020-10-10 16:07:53.252 [main] INFO  o.s.boot.web.embedded.tomcat.TomcatWebServer - Tomcat started on port(s): 9092 (http) with context path ''
2020-10-10 16:07:53.264 [main] INFO  com.dong.empty.SpringbootEmptyApplication - Started SpringbootEmptyApplication in 4.287 seconds (JVM running for 6.483)
2020-10-10 16:08:07.898 [http-nio-9092-exec-1] INFO  o.a.c.core.ContainerBase.[Tomcat].[localhost].[/] - Initializing Spring DispatcherServlet 'dispatcherServlet'
2020-10-10 16:08:07.898 [http-nio-9092-exec-1] INFO  org.springframework.web.servlet.DispatcherServlet - Initializing Servlet 'dispatcherServlet'
2020-10-10 16:08:07.906 [http-nio-9092-exec-1] INFO  org.springframework.web.servlet.DispatcherServlet - Completed initialization in 8 ms
2020-10-10 16:08:07.919 [http-nio-9092-exec-1] INFO  c.d.e.g.config.interceptor.RequestLogInterceptor - http://127.0.0.1:9092/login
2020-10-10 16:08:07.936 [http-nio-9092-exec-1] INFO  c.d.e.g.config.aop.permission.PermissionAspect - RateLimiterAspect: className:LoginController,methodName:login
2020-10-10 16:12:25.946 [SpringContextShutdownHook] INFO  com.alibaba.druid.pool.DruidDataSource - {dataSource-1} closing ...
2020-10-10 16:12:25.951 [SpringContextShutdownHook] INFO  com.alibaba.druid.pool.DruidDataSource - {dataSource-1} closed
2020-10-10 16:12:25.951 [SpringContextShutdownHook] INFO  o.s.scheduling.concurrent.ThreadPoolTaskExecutor - Shutting down ExecutorService 'applicationTaskExecutor'
2020-10-10 16:12:32.530 [main] INFO  com.dong.empty.SpringbootEmptyApplication - Starting SpringbootEmptyApplication on DESKTOP-NEGHJBV with PID 20832 (D:\workspaces\myself\springboot_empty\target\classes started by asheng in D:\workspaces\myself\springboot_empty)
2020-10-10 16:12:32.533 [main] INFO  com.dong.empty.SpringbootEmptyApplication - No active profile set, falling back to default profiles: default
2020-10-10 16:12:33.810 [main] INFO  o.s.boot.web.embedded.tomcat.TomcatWebServer - Tomcat initialized with port(s): 9092 (http)
2020-10-10 16:12:33.818 [main] INFO  org.apache.coyote.http11.Http11NioProtocol - Initializing ProtocolHandler ["http-nio-9092"]
2020-10-10 16:12:33.819 [main] INFO  org.apache.catalina.core.StandardService - Starting service [Tomcat]
2020-10-10 16:12:33.819 [main] INFO  org.apache.catalina.core.StandardEngine - Starting Servlet engine: [Apache Tomcat/9.0.37]
2020-10-10 16:12:33.938 [main] INFO  o.a.c.core.ContainerBase.[Tomcat].[localhost].[/] - Initializing Spring embedded WebApplicationContext
2020-10-10 16:12:33.938 [main] INFO  o.s.b.w.s.c.ServletWebServerApplicationContext - Root WebApplicationContext: initialization completed in 1340 ms
2020-10-10 16:12:34.246 [main] INFO  o.s.scheduling.concurrent.ThreadPoolTaskExecutor - Initializing ExecutorService 'applicationTaskExecutor'
2020-10-10 16:12:34.420 [main] INFO  c.a.d.s.b.a.DruidDataSourceAutoConfigure - Init DruidDataSource
2020-10-10 16:12:36.011 [main] INFO  com.alibaba.druid.pool.DruidDataSource - {dataSource-1} inited
2020-10-10 16:12:36.277 [main] INFO  org.apache.coyote.http11.Http11NioProtocol - Starting ProtocolHandler ["http-nio-9092"]
2020-10-10 16:12:36.302 [main] INFO  o.s.boot.web.embedded.tomcat.TomcatWebServer - Tomcat started on port(s): 9092 (http) with context path ''
2020-10-10 16:12:36.312 [main] INFO  com.dong.empty.SpringbootEmptyApplication - Started SpringbootEmptyApplication in 4.388 seconds (JVM running for 6.595)
2020-10-10 16:12:51.601 [http-nio-9092-exec-1] INFO  o.a.c.core.ContainerBase.[Tomcat].[localhost].[/] - Initializing Spring DispatcherServlet 'dispatcherServlet'
2020-10-10 16:12:51.601 [http-nio-9092-exec-1] INFO  org.springframework.web.servlet.DispatcherServlet - Initializing Servlet 'dispatcherServlet'
2020-10-10 16:12:51.608 [http-nio-9092-exec-1] INFO  org.springframework.web.servlet.DispatcherServlet - Completed initialization in 7 ms
2020-10-10 16:12:51.623 [http-nio-9092-exec-1] INFO  c.d.e.g.config.interceptor.RequestLogInterceptor - http://127.0.0.1:9092/login
2020-10-10 16:12:51.640 [http-nio-9092-exec-1] INFO  c.d.e.g.config.aop.permission.PermissionAspect - RateLimiterAspect: className:LoginController,methodName:login
2020-10-10 16:13:50.034 [SpringContextShutdownHook] INFO  com.alibaba.druid.pool.DruidDataSource - {dataSource-1} closing ...
2020-10-10 16:13:50.039 [SpringContextShutdownHook] INFO  com.alibaba.druid.pool.DruidDataSource - {dataSource-1} closed
2020-10-10 16:13:50.040 [SpringContextShutdownHook] INFO  o.s.scheduling.concurrent.ThreadPoolTaskExecutor - Shutting down ExecutorService 'applicationTaskExecutor'
2020-10-10 16:13:57.488 [main] INFO  com.dong.empty.SpringbootEmptyApplication - Starting SpringbootEmptyApplication on DESKTOP-NEGHJBV with PID 14040 (D:\workspaces\myself\springboot_empty\target\classes started by asheng in D:\workspaces\myself\springboot_empty)
2020-10-10 16:13:57.493 [main] INFO  com.dong.empty.SpringbootEmptyApplication - No active profile set, falling back to default profiles: default
2020-10-10 16:13:59.034 [main] INFO  o.s.boot.web.embedded.tomcat.TomcatWebServer - Tomcat initialized with port(s): 9092 (http)
2020-10-10 16:13:59.042 [main] INFO  org.apache.coyote.http11.Http11NioProtocol - Initializing ProtocolHandler ["http-nio-9092"]
2020-10-10 16:13:59.043 [main] INFO  org.apache.catalina.core.StandardService - Starting service [Tomcat]
2020-10-10 16:13:59.043 [main] INFO  org.apache.catalina.core.StandardEngine - Starting Servlet engine: [Apache Tomcat/9.0.37]
2020-10-10 16:13:59.168 [main] INFO  o.a.c.core.ContainerBase.[Tomcat].[localhost].[/] - Initializing Spring embedded WebApplicationContext
2020-10-10 16:13:59.168 [main] INFO  o.s.b.w.s.c.ServletWebServerApplicationContext - Root WebApplicationContext: initialization completed in 1602 ms
2020-10-10 16:13:59.476 [main] INFO  o.s.scheduling.concurrent.ThreadPoolTaskExecutor - Initializing ExecutorService 'applicationTaskExecutor'
2020-10-10 16:13:59.651 [main] INFO  c.a.d.s.b.a.DruidDataSourceAutoConfigure - Init DruidDataSource
2020-10-10 16:14:01.269 [main] INFO  com.alibaba.druid.pool.DruidDataSource - {dataSource-1} inited
2020-10-10 16:14:01.529 [main] INFO  org.apache.coyote.http11.Http11NioProtocol - Starting ProtocolHandler ["http-nio-9092"]
2020-10-10 16:14:01.552 [main] INFO  o.s.boot.web.embedded.tomcat.TomcatWebServer - Tomcat started on port(s): 9092 (http) with context path ''
2020-10-10 16:14:01.562 [main] INFO  com.dong.empty.SpringbootEmptyApplication - Started SpringbootEmptyApplication in 4.805 seconds (JVM running for 7.531)
2020-10-10 16:14:04.686 [http-nio-9092-exec-1] INFO  o.a.c.core.ContainerBase.[Tomcat].[localhost].[/] - Initializing Spring DispatcherServlet 'dispatcherServlet'
2020-10-10 16:14:04.686 [http-nio-9092-exec-1] INFO  org.springframework.web.servlet.DispatcherServlet - Initializing Servlet 'dispatcherServlet'
2020-10-10 16:14:04.694 [http-nio-9092-exec-1] INFO  org.springframework.web.servlet.DispatcherServlet - Completed initialization in 8 ms
2020-10-10 16:14:04.707 [http-nio-9092-exec-1] INFO  c.d.e.g.config.interceptor.RequestLogInterceptor - http://127.0.0.1:9092/login
2020-10-10 16:14:04.723 [http-nio-9092-exec-1] INFO  c.d.e.g.config.aop.permission.PermissionAspect - RateLimiterAspect: className:LoginController,methodName:login
2020-10-10 16:31:35.601 [SpringContextShutdownHook] INFO  com.alibaba.druid.pool.DruidDataSource - {dataSource-1} closing ...
2020-10-10 16:31:35.606 [SpringContextShutdownHook] INFO  com.alibaba.druid.pool.DruidDataSource - {dataSource-1} closed
2020-10-10 16:31:35.606 [SpringContextShutdownHook] INFO  o.s.scheduling.concurrent.ThreadPoolTaskExecutor - Shutting down ExecutorService 'applicationTaskExecutor'
2020-10-10 16:31:46.154 [main] INFO  com.dong.empty.SpringbootEmptyApplication - Starting SpringbootEmptyApplication on DESKTOP-NEGHJBV with PID 13116 (D:\workspaces\myself\springboot_empty\target\classes started by asheng in D:\workspaces\myself\springboot_empty)
2020-10-10 16:31:46.158 [main] INFO  com.dong.empty.SpringbootEmptyApplication - No active profile set, falling back to default profiles: default
2020-10-10 16:31:47.436 [main] INFO  o.s.boot.web.embedded.tomcat.TomcatWebServer - Tomcat initialized with port(s): 9092 (http)
2020-10-10 16:31:47.444 [main] INFO  org.apache.coyote.http11.Http11NioProtocol - Initializing ProtocolHandler ["http-nio-9092"]
2020-10-10 16:31:47.444 [main] INFO  org.apache.catalina.core.StandardService - Starting service [Tomcat]
2020-10-10 16:31:47.444 [main] INFO  org.apache.catalina.core.StandardEngine - Starting Servlet engine: [Apache Tomcat/9.0.37]
2020-10-10 16:31:47.561 [main] INFO  o.a.c.core.ContainerBase.[Tomcat].[localhost].[/] - Initializing Spring embedded WebApplicationContext
2020-10-10 16:31:47.561 [main] INFO  o.s.b.w.s.c.ServletWebServerApplicationContext - Root WebApplicationContext: initialization completed in 1333 ms
2020-10-10 16:31:47.884 [main] INFO  o.s.scheduling.concurrent.ThreadPoolTaskExecutor - Initializing ExecutorService 'applicationTaskExecutor'
2020-10-10 16:31:48.070 [main] INFO  c.a.d.s.b.a.DruidDataSourceAutoConfigure - Init DruidDataSource
2020-10-10 16:31:49.637 [main] INFO  com.alibaba.druid.pool.DruidDataSource - {dataSource-1} inited
2020-10-10 16:31:49.896 [main] INFO  org.apache.coyote.http11.Http11NioProtocol - Starting ProtocolHandler ["http-nio-9092"]
2020-10-10 16:31:49.922 [main] INFO  o.s.boot.web.embedded.tomcat.TomcatWebServer - Tomcat started on port(s): 9092 (http) with context path ''
2020-10-10 16:31:49.932 [main] INFO  com.dong.empty.SpringbootEmptyApplication - Started SpringbootEmptyApplication in 4.382 seconds (JVM running for 6.992)
2020-10-10 16:31:53.685 [http-nio-9092-exec-2] INFO  o.a.c.core.ContainerBase.[Tomcat].[localhost].[/] - Initializing Spring DispatcherServlet 'dispatcherServlet'
2020-10-10 16:31:53.685 [http-nio-9092-exec-2] INFO  org.springframework.web.servlet.DispatcherServlet - Initializing Servlet 'dispatcherServlet'
2020-10-10 16:31:53.695 [http-nio-9092-exec-2] INFO  org.springframework.web.servlet.DispatcherServlet - Completed initialization in 10 ms
2020-10-10 16:31:53.708 [http-nio-9092-exec-2] INFO  c.d.e.g.config.interceptor.RequestLogInterceptor - http://127.0.0.1:9092/login
2020-10-10 16:31:53.724 [http-nio-9092-exec-2] INFO  c.d.e.g.config.aop.permission.PermissionAspect - RateLimiterAspect: className:LoginController,methodName:login
2020-10-10 16:33:26.201 [SpringContextShutdownHook] INFO  com.alibaba.druid.pool.DruidDataSource - {dataSource-1} closing ...
2020-10-10 16:33:26.207 [SpringContextShutdownHook] INFO  com.alibaba.druid.pool.DruidDataSource - {dataSource-1} closed
2020-10-10 16:33:26.208 [SpringContextShutdownHook] INFO  o.s.scheduling.concurrent.ThreadPoolTaskExecutor - Shutting down ExecutorService 'applicationTaskExecutor'
2020-10-10 16:33:35.595 [main] INFO  com.dong.empty.SpringbootEmptyApplication - Starting SpringbootEmptyApplication on DESKTOP-NEGHJBV with PID 1364 (D:\workspaces\myself\springboot_empty\target\classes started by asheng in D:\workspaces\myself\springboot_empty)
2020-10-10 16:33:35.599 [main] INFO  com.dong.empty.SpringbootEmptyApplication - No active profile set, falling back to default profiles: default
2020-10-10 16:33:36.845 [main] INFO  o.s.boot.web.embedded.tomcat.TomcatWebServer - Tomcat initialized with port(s): 9092 (http)
2020-10-10 16:33:36.853 [main] INFO  org.apache.coyote.http11.Http11NioProtocol - Initializing ProtocolHandler ["http-nio-9092"]
2020-10-10 16:33:36.853 [main] INFO  org.apache.catalina.core.StandardService - Starting service [Tomcat]
2020-10-10 16:33:36.853 [main] INFO  org.apache.catalina.core.StandardEngine - Starting Servlet engine: [Apache Tomcat/9.0.37]
2020-10-10 16:33:36.972 [main] INFO  o.a.c.core.ContainerBase.[Tomcat].[localhost].[/] - Initializing Spring embedded WebApplicationContext
2020-10-10 16:33:36.972 [main] INFO  o.s.b.w.s.c.ServletWebServerApplicationContext - Root WebApplicationContext: initialization completed in 1307 ms
2020-10-10 16:33:37.269 [main] INFO  o.s.scheduling.concurrent.ThreadPoolTaskExecutor - Initializing ExecutorService 'applicationTaskExecutor'
2020-10-10 16:33:37.445 [main] INFO  c.a.d.s.b.a.DruidDataSourceAutoConfigure - Init DruidDataSource
2020-10-10 16:33:38.967 [main] INFO  com.alibaba.druid.pool.DruidDataSource - {dataSource-1} inited
2020-10-10 16:33:39.223 [main] INFO  org.apache.coyote.http11.Http11NioProtocol - Starting ProtocolHandler ["http-nio-9092"]
2020-10-10 16:33:39.245 [main] INFO  o.s.boot.web.embedded.tomcat.TomcatWebServer - Tomcat started on port(s): 9092 (http) with context path ''
2020-10-10 16:33:39.254 [main] INFO  com.dong.empty.SpringbootEmptyApplication - Started SpringbootEmptyApplication in 4.276 seconds (JVM running for 6.459)
2020-10-10 16:33:44.924 [http-nio-9092-exec-1] INFO  o.a.c.core.ContainerBase.[Tomcat].[localhost].[/] - Initializing Spring DispatcherServlet 'dispatcherServlet'
2020-10-10 16:33:44.924 [http-nio-9092-exec-1] INFO  org.springframework.web.servlet.DispatcherServlet - Initializing Servlet 'dispatcherServlet'
2020-10-10 16:33:44.932 [http-nio-9092-exec-1] INFO  org.springframework.web.servlet.DispatcherServlet - Completed initialization in 8 ms
2020-10-10 16:33:44.945 [http-nio-9092-exec-1] INFO  c.d.e.g.config.interceptor.RequestLogInterceptor - http://127.0.0.1:9092/login
2020-10-10 16:33:44.961 [http-nio-9092-exec-1] INFO  c.d.e.g.config.aop.permission.PermissionAspect - RateLimiterAspect: className:LoginController,methodName:login
2020-10-10 16:36:57.152 [SpringContextShutdownHook] INFO  com.alibaba.druid.pool.DruidDataSource - {dataSource-1} closing ...
2020-10-10 16:36:57.156 [SpringContextShutdownHook] INFO  com.alibaba.druid.pool.DruidDataSource - {dataSource-1} closed
2020-10-10 16:36:57.156 [SpringContextShutdownHook] INFO  o.s.scheduling.concurrent.ThreadPoolTaskExecutor - Shutting down ExecutorService 'applicationTaskExecutor'
2020-10-10 17:13:36.314 [main] INFO  com.dong.empty.SpringbootEmptyApplication - Starting SpringbootEmptyApplication on DESKTOP-NEGHJBV with PID 20696 (D:\workspaces\myself\springboot_empty\target\classes started by asheng in D:\workspaces\myself\springboot_empty)
2020-10-10 17:13:36.319 [main] INFO  com.dong.empty.SpringbootEmptyApplication - No active profile set, falling back to default profiles: default
2020-10-10 17:13:38.494 [main] INFO  o.s.boot.web.embedded.tomcat.TomcatWebServer - Tomcat initialized with port(s): 9092 (http)
2020-10-10 17:13:38.507 [main] INFO  org.apache.coyote.http11.Http11NioProtocol - Initializing ProtocolHandler ["http-nio-9092"]
2020-10-10 17:13:38.508 [main] INFO  org.apache.catalina.core.StandardService - Starting service [Tomcat]
2020-10-10 17:13:38.508 [main] INFO  org.apache.catalina.core.StandardEngine - Starting Servlet engine: [Apache Tomcat/9.0.37]
2020-10-10 17:13:38.678 [main] INFO  o.a.c.core.ContainerBase.[Tomcat].[localhost].[/] - Initializing Spring embedded WebApplicationContext
2020-10-10 17:13:38.678 [main] INFO  o.s.b.w.s.c.ServletWebServerApplicationContext - Root WebApplicationContext: initialization completed in 2284 ms
2020-10-10 17:13:39.219 [main] INFO  o.s.scheduling.concurrent.ThreadPoolTaskExecutor - Initializing ExecutorService 'applicationTaskExecutor'
2020-10-10 17:13:39.457 [main] INFO  c.a.d.s.b.a.DruidDataSourceAutoConfigure - Init DruidDataSource
2020-10-10 17:13:41.834 [main] INFO  com.alibaba.druid.pool.DruidDataSource - {dataSource-1} inited
2020-10-10 17:13:42.456 [main] INFO  org.apache.coyote.http11.Http11NioProtocol - Starting ProtocolHandler ["http-nio-9092"]
2020-10-10 17:13:42.506 [main] INFO  o.s.boot.web.embedded.tomcat.TomcatWebServer - Tomcat started on port(s): 9092 (http) with context path ''
2020-10-10 17:13:42.528 [main] INFO  com.dong.empty.SpringbootEmptyApplication - Started SpringbootEmptyApplication in 7.101 seconds (JVM running for 9.6)
2020-10-10 17:13:54.436 [http-nio-9092-exec-1] INFO  o.a.c.core.ContainerBase.[Tomcat].[localhost].[/] - Initializing Spring DispatcherServlet 'dispatcherServlet'
2020-10-10 17:13:54.436 [http-nio-9092-exec-1] INFO  org.springframework.web.servlet.DispatcherServlet - Initializing Servlet 'dispatcherServlet'
2020-10-10 17:13:54.452 [http-nio-9092-exec-1] INFO  org.springframework.web.servlet.DispatcherServlet - Completed initialization in 16 ms
2020-10-10 17:13:54.471 [http-nio-9092-exec-1] INFO  c.d.e.g.config.interceptor.RequestLogInterceptor - http://127.0.0.1:9092/login
2020-10-10 17:13:54.499 [http-nio-9092-exec-1] INFO  c.d.e.g.config.aop.permission.PermissionAspect - RateLimiterAspect: className:LoginController,methodName:login
2020-10-10 17:14:01.150 [http-nio-9092-exec-2] INFO  c.d.e.g.config.interceptor.RequestLogInterceptor - http://127.0.0.1:9092/login
2020-10-10 17:14:01.151 [http-nio-9092-exec-2] INFO  c.d.e.g.config.aop.permission.PermissionAspect - RateLimiterAspect: className:LoginController,methodName:login
2020-10-10 17:14:04.878 [http-nio-9092-exec-4] INFO  c.d.e.g.config.interceptor.RequestLogInterceptor - http://127.0.0.1:9092/login
2020-10-10 17:14:04.878 [http-nio-9092-exec-4] INFO  c.d.e.g.config.aop.permission.PermissionAspect - RateLimiterAspect: className:LoginController,methodName:login
2020-10-10 17:14:08.889 [http-nio-9092-exec-3] INFO  c.d.e.g.config.interceptor.RequestLogInterceptor - http://127.0.0.1:9092/login
2020-10-10 17:14:08.889 [http-nio-9092-exec-3] INFO  c.d.e.g.config.aop.permission.PermissionAspect - RateLimiterAspect: className:LoginController,methodName:login
2020-10-10 17:14:09.342 [http-nio-9092-exec-7] INFO  c.d.e.g.config.interceptor.RequestLogInterceptor - http://127.0.0.1:9092/login
2020-10-10 17:14:09.342 [http-nio-9092-exec-7] INFO  c.d.e.g.config.aop.permission.PermissionAspect - RateLimiterAspect: className:LoginController,methodName:login
2020-10-10 17:14:10.070 [http-nio-9092-exec-5] INFO  c.d.e.g.config.interceptor.RequestLogInterceptor - http://127.0.0.1:9092/login
2020-10-10 17:14:10.071 [http-nio-9092-exec-5] INFO  c.d.e.g.config.aop.permission.PermissionAspect - RateLimiterAspect: className:LoginController,methodName:login
2020-10-10 17:14:10.071 [http-nio-9092-exec-5] ERROR c.d.e.g.config.aop.permission.PermissionAspect - 流量访问过大: className:LoginController,methodName:login
2020-10-10 17:14:10.235 [http-nio-9092-exec-8] INFO  c.d.e.g.config.interceptor.RequestLogInterceptor - http://127.0.0.1:9092/login
2020-10-10 17:14:10.236 [http-nio-9092-exec-8] INFO  c.d.e.g.config.aop.permission.PermissionAspect - RateLimiterAspect: className:LoginController,methodName:login
2020-10-10 17:14:10.236 [http-nio-9092-exec-8] ERROR c.d.e.g.config.aop.permission.PermissionAspect - 流量访问过大: className:LoginController,methodName:login
2020-10-10 17:14:18.150 [http-nio-9092-exec-6] INFO  c.d.e.g.config.interceptor.RequestLogInterceptor - http://127.0.0.1:9092/login
2020-10-10 17:14:18.151 [http-nio-9092-exec-6] INFO  c.d.e.g.config.aop.permission.PermissionAspect - RateLimiterAspect: className:LoginController,methodName:login
2020-10-10 17:14:18.325 [http-nio-9092-exec-9] INFO  c.d.e.g.config.interceptor.RequestLogInterceptor - http://127.0.0.1:9092/login
2020-10-10 17:14:18.326 [http-nio-9092-exec-9] INFO  c.d.e.g.config.aop.permission.PermissionAspect - RateLimiterAspect: className:LoginController,methodName:login
2020-10-10 17:14:19.133 [http-nio-9092-exec-10] INFO  c.d.e.g.config.interceptor.RequestLogInterceptor - http://127.0.0.1:9092/login
2020-10-10 17:14:19.133 [http-nio-9092-exec-10] INFO  c.d.e.g.config.aop.permission.PermissionAspect - RateLimiterAspect: className:LoginController,methodName:login
2020-10-10 17:14:19.133 [http-nio-9092-exec-10] ERROR c.d.e.g.config.aop.permission.PermissionAspect - 流量访问过大: className:LoginController,methodName:login
2020-10-10 17:14:19.316 [http-nio-9092-exec-1] INFO  c.d.e.g.config.interceptor.RequestLogInterceptor - http://127.0.0.1:9092/login
2020-10-10 17:14:19.316 [http-nio-9092-exec-1] INFO  c.d.e.g.config.aop.permission.PermissionAspect - RateLimiterAspect: className:LoginController,methodName:login
2020-10-10 17:14:19.317 [http-nio-9092-exec-1] ERROR c.d.e.g.config.aop.permission.PermissionAspect - 流量访问过大: className:LoginController,methodName:login
2020-10-10 17:14:19.493 [http-nio-9092-exec-2] INFO  c.d.e.g.config.interceptor.RequestLogInterceptor - http://127.0.0.1:9092/login
2020-10-10 17:14:19.493 [http-nio-9092-exec-2] INFO  c.d.e.g.config.aop.permission.PermissionAspect - RateLimiterAspect: className:LoginController,methodName:login
2020-10-10 17:14:19.493 [http-nio-9092-exec-2] ERROR c.d.e.g.config.aop.permission.PermissionAspect - 流量访问过大: className:LoginController,methodName:login
2020-10-10 17:14:19.652 [http-nio-9092-exec-4] INFO  c.d.e.g.config.interceptor.RequestLogInterceptor - http://127.0.0.1:9092/login
2020-10-10 17:14:19.652 [http-nio-9092-exec-4] INFO  c.d.e.g.config.aop.permission.PermissionAspect - RateLimiterAspect: className:LoginController,methodName:login
2020-10-10 17:14:19.653 [http-nio-9092-exec-4] ERROR c.d.e.g.config.aop.permission.PermissionAspect - 流量访问过大: className:LoginController,methodName:login
2020-10-10 17:14:19.837 [http-nio-9092-exec-3] INFO  c.d.e.g.config.interceptor.RequestLogInterceptor - http://127.0.0.1:9092/login
2020-10-10 17:14:19.838 [http-nio-9092-exec-3] INFO  c.d.e.g.config.aop.permission.PermissionAspect - RateLimiterAspect: className:LoginController,methodName:login
2020-10-10 17:14:19.838 [http-nio-9092-exec-3] ERROR c.d.e.g.config.aop.permission.PermissionAspect - 流量访问过大: className:LoginController,methodName:login
2020-10-10 17:14:20.028 [http-nio-9092-exec-7] INFO  c.d.e.g.config.interceptor.RequestLogInterceptor - http://127.0.0.1:9092/login
2020-10-10 17:14:20.028 [http-nio-9092-exec-7] INFO  c.d.e.g.config.aop.permission.PermissionAspect - RateLimiterAspect: className:LoginController,methodName:login
2020-10-10 17:14:20.029 [http-nio-9092-exec-7] ERROR c.d.e.g.config.aop.permission.PermissionAspect - 流量访问过大: className:LoginController,methodName:login
2020-10-10 17:14:20.199 [http-nio-9092-exec-5] INFO  c.d.e.g.config.interceptor.RequestLogInterceptor - http://127.0.0.1:9092/login
2020-10-10 17:14:20.199 [http-nio-9092-exec-5] INFO  c.d.e.g.config.aop.permission.PermissionAspect - RateLimiterAspect: className:LoginController,methodName:login
2020-10-10 17:14:21.039 [http-nio-9092-exec-8] INFO  c.d.e.g.config.interceptor.RequestLogInterceptor - http://127.0.0.1:9092/login
2020-10-10 17:14:21.039 [http-nio-9092-exec-8] INFO  c.d.e.g.config.aop.permission.PermissionAspect - RateLimiterAspect: className:LoginController,methodName:login
2020-10-10 17:14:21.039 [http-nio-9092-exec-8] ERROR c.d.e.g.config.aop.permission.PermissionAspect - 流量访问过大: className:LoginController,methodName:login
2020-10-10 17:14:21.207 [http-nio-9092-exec-6] INFO  c.d.e.g.config.interceptor.RequestLogInterceptor - http://127.0.0.1:9092/login
2020-10-10 17:14:21.207 [http-nio-9092-exec-6] INFO  c.d.e.g.config.aop.permission.PermissionAspect - RateLimiterAspect: className:LoginController,methodName:login
2020-10-10 17:14:21.207 [http-nio-9092-exec-6] ERROR c.d.e.g.config.aop.permission.PermissionAspect - 流量访问过大: className:LoginController,methodName:login
2020-10-10 17:14:22.069 [http-nio-9092-exec-10] INFO  c.d.e.g.config.interceptor.RequestLogInterceptor - http://127.0.0.1:9092/login
2020-10-10 17:14:22.070 [http-nio-9092-exec-10] INFO  c.d.e.g.config.aop.permission.PermissionAspect - RateLimiterAspect: className:LoginController,methodName:login
2020-10-10 17:14:22.070 [http-nio-9092-exec-10] ERROR c.d.e.g.config.aop.permission.PermissionAspect - 流量访问过大: className:LoginController,methodName:login
2020-10-10 17:14:22.414 [http-nio-9092-exec-9] INFO  c.d.e.g.config.interceptor.RequestLogInterceptor - http://127.0.0.1:9092/login
2020-10-10 17:14:22.414 [http-nio-9092-exec-9] INFO  c.d.e.g.config.aop.permission.PermissionAspect - RateLimiterAspect: className:LoginController,methodName:login
2020-10-10 17:14:23.101 [http-nio-9092-exec-1] INFO  c.d.e.g.config.interceptor.RequestLogInterceptor - http://127.0.0.1:9092/login
2020-10-10 17:14:23.101 [http-nio-9092-exec-1] INFO  c.d.e.g.config.aop.permission.PermissionAspect - RateLimiterAspect: className:LoginController,methodName:login
2020-10-10 17:14:23.102 [http-nio-9092-exec-1] ERROR c.d.e.g.config.aop.permission.PermissionAspect - 流量访问过大: className:LoginController,methodName:login
2020-10-10 17:14:23.276 [http-nio-9092-exec-2] INFO  c.d.e.g.config.interceptor.RequestLogInterceptor - http://127.0.0.1:9092/login
2020-10-10 17:14:23.276 [http-nio-9092-exec-2] INFO  c.d.e.g.config.aop.permission.PermissionAspect - RateLimiterAspect: className:LoginController,methodName:login
2020-10-10 17:14:23.277 [http-nio-9092-exec-2] ERROR c.d.e.g.config.aop.permission.PermissionAspect - 流量访问过大: className:LoginController,methodName:login
2020-10-10 17:14:34.328 [http-nio-9092-exec-4] INFO  c.d.e.g.config.interceptor.RequestLogInterceptor - http://127.0.0.1:9092/login
2020-10-10 17:14:34.329 [http-nio-9092-exec-4] INFO  c.d.e.g.config.aop.permission.PermissionAspect - RateLimiterAspect: className:LoginController,methodName:login
