2020-09-24 09:00:43.795 [main] INFO  com.dong.empty.SpringbootEmptyApplication - Starting SpringbootEmptyApplication on DESKTOP-NEGHJBV with PID 14452 (D:\workspaces\myself\springboot_empty\target\classes started by asheng in D:\workspaces\myself\springboot_empty)
2020-09-24 09:00:43.798 [main] INFO  com.dong.empty.SpringbootEmptyApplication - No active profile set, falling back to default profiles: default
2020-09-24 09:00:46.292 [main] INFO  o.s.boot.web.embedded.tomcat.TomcatWebServer - Tomcat initialized with port(s): 9092 (http)
2020-09-24 09:00:46.302 [main] INFO  org.apache.coyote.http11.Http11NioProtocol - Initializing ProtocolHandler ["http-nio-9092"]
2020-09-24 09:00:46.303 [main] INFO  org.apache.catalina.core.StandardService - Starting service [Tomcat]
2020-09-24 09:00:46.303 [main] INFO  org.apache.catalina.core.StandardEngine - Starting Servlet engine: [Apache Tomcat/9.0.37]
2020-09-24 09:00:46.479 [main] INFO  o.a.c.core.ContainerBase.[Tomcat].[localhost].[/] - Initializing Spring embedded WebApplicationContext
2020-09-24 09:00:46.479 [main] INFO  o.s.b.w.s.c.ServletWebServerApplicationContext - Root WebApplicationContext: initialization completed in 2614 ms
2020-09-24 09:00:46.924 [main] INFO  o.s.scheduling.concurrent.ThreadPoolTaskExecutor - Initializing ExecutorService 'applicationTaskExecutor'
2020-09-24 09:00:47.304 [main] INFO  c.a.d.s.b.a.DruidDataSourceAutoConfigure - Init DruidDataSource
2020-09-24 09:00:49.357 [main] INFO  com.alibaba.druid.pool.DruidDataSource - {dataSource-1} inited
2020-09-24 09:00:49.838 [main] INFO  org.apache.coyote.http11.Http11NioProtocol - Starting ProtocolHandler ["http-nio-9092"]
2020-09-24 09:00:49.871 [main] INFO  o.s.boot.web.embedded.tomcat.TomcatWebServer - Tomcat started on port(s): 9092 (http) with context path ''
2020-09-24 09:00:49.881 [main] INFO  com.dong.empty.SpringbootEmptyApplication - Started SpringbootEmptyApplication in 6.814 seconds (JVM running for 10.664)
2020-09-24 09:01:34.261 [http-nio-9092-exec-1] INFO  o.a.c.core.ContainerBase.[Tomcat].[localhost].[/] - Initializing Spring DispatcherServlet 'dispatcherServlet'
2020-09-24 09:01:34.261 [http-nio-9092-exec-1] INFO  org.springframework.web.servlet.DispatcherServlet - Initializing Servlet 'dispatcherServlet'
2020-09-24 09:01:34.271 [http-nio-9092-exec-1] INFO  org.springframework.web.servlet.DispatcherServlet - Completed initialization in 10 ms
2020-09-24 09:01:34.283 [http-nio-9092-exec-1] INFO  c.d.e.g.config.interceptor.RequestLogInterceptor - http://127.0.0.1:9092/logout
2020-09-24 09:01:45.147 [http-nio-9092-exec-2] INFO  c.d.e.g.config.interceptor.RequestLogInterceptor - http://127.0.0.1:9092/favicon.ico
2020-09-24 09:01:45.154 [http-nio-9092-exec-2] INFO  c.d.e.g.config.interceptor.RequestLogInterceptor - http://127.0.0.1:9092/error
2020-09-24 09:02:00.515 [http-nio-9092-exec-3] INFO  c.d.e.g.config.interceptor.RequestLogInterceptor - http://127.0.0.1:9092/logout
2020-09-24 09:02:07.966 [http-nio-9092-exec-5] INFO  c.d.e.g.config.interceptor.RequestLogInterceptor - http://127.0.0.1:9092/login
2020-09-24 09:02:17.053 [http-nio-9092-exec-4] INFO  c.d.e.g.config.interceptor.RequestLogInterceptor - http://127.0.0.1:9092/login
2020-09-24 09:02:17.052 [http-nio-9092-exec-5] INFO  c.d.e.g.config.aop.permission.PermissionAspect - className:LoginController,methodName:login
2020-09-24 09:02:18.141 [http-nio-9092-exec-4] INFO  c.d.e.g.config.aop.permission.PermissionAspect - className:LoginController,methodName:login
2020-09-24 09:02:20.640 [http-nio-9092-exec-7] INFO  c.d.e.g.config.interceptor.RequestLogInterceptor - http://127.0.0.1:9092/login
2020-09-24 09:02:24.784 [http-nio-9092-exec-7] INFO  c.d.e.g.config.aop.permission.PermissionAspect - className:LoginController,methodName:login
2020-09-24 09:02:58.064 [SpringContextShutdownHook] INFO  com.alibaba.druid.pool.DruidDataSource - {dataSource-1} closing ...
2020-09-24 09:02:58.069 [SpringContextShutdownHook] INFO  com.alibaba.druid.pool.DruidDataSource - {dataSource-1} closed
2020-09-24 09:02:58.069 [SpringContextShutdownHook] INFO  o.s.scheduling.concurrent.ThreadPoolTaskExecutor - Shutting down ExecutorService 'applicationTaskExecutor'
2020-09-24 09:03:09.170 [main] INFO  com.dong.empty.SpringbootEmptyApplication - Starting SpringbootEmptyApplication on DESKTOP-NEGHJBV with PID 9380 (D:\workspaces\myself\springboot_empty\target\classes started by asheng in D:\workspaces\myself\springboot_empty)
2020-09-24 09:03:09.173 [main] INFO  com.dong.empty.SpringbootEmptyApplication - No active profile set, falling back to default profiles: default
2020-09-24 09:03:10.308 [main] INFO  o.s.boot.web.embedded.tomcat.TomcatWebServer - Tomcat initialized with port(s): 9092 (http)
2020-09-24 09:03:10.316 [main] INFO  org.apache.coyote.http11.Http11NioProtocol - Initializing ProtocolHandler ["http-nio-9092"]
2020-09-24 09:03:10.317 [main] INFO  org.apache.catalina.core.StandardService - Starting service [Tomcat]
2020-09-24 09:03:10.317 [main] INFO  org.apache.catalina.core.StandardEngine - Starting Servlet engine: [Apache Tomcat/9.0.37]
2020-09-24 09:03:10.428 [main] INFO  o.a.c.core.ContainerBase.[Tomcat].[localhost].[/] - Initializing Spring embedded WebApplicationContext
2020-09-24 09:03:10.429 [main] INFO  o.s.b.w.s.c.ServletWebServerApplicationContext - Root WebApplicationContext: initialization completed in 1206 ms
2020-09-24 09:03:10.729 [main] INFO  o.s.scheduling.concurrent.ThreadPoolTaskExecutor - Initializing ExecutorService 'applicationTaskExecutor'
2020-09-24 09:03:10.896 [main] INFO  c.a.d.s.b.a.DruidDataSourceAutoConfigure - Init DruidDataSource
2020-09-24 09:03:12.368 [main] INFO  com.alibaba.druid.pool.DruidDataSource - {dataSource-1} inited
2020-09-24 09:03:12.633 [main] INFO  org.apache.coyote.http11.Http11NioProtocol - Starting ProtocolHandler ["http-nio-9092"]
2020-09-24 09:03:12.654 [main] INFO  o.s.boot.web.embedded.tomcat.TomcatWebServer - Tomcat started on port(s): 9092 (http) with context path ''
2020-09-24 09:03:12.662 [main] INFO  com.dong.empty.SpringbootEmptyApplication - Started SpringbootEmptyApplication in 4.212 seconds (JVM running for 6.383)
2020-09-24 09:03:14.759 [http-nio-9092-exec-1] INFO  o.a.c.core.ContainerBase.[Tomcat].[localhost].[/] - Initializing Spring DispatcherServlet 'dispatcherServlet'
2020-09-24 09:03:14.760 [http-nio-9092-exec-1] INFO  org.springframework.web.servlet.DispatcherServlet - Initializing Servlet 'dispatcherServlet'
2020-09-24 09:03:14.767 [http-nio-9092-exec-1] INFO  org.springframework.web.servlet.DispatcherServlet - Completed initialization in 7 ms
2020-09-24 09:03:14.780 [http-nio-9092-exec-1] INFO  c.d.e.g.config.interceptor.RequestLogInterceptor - http://127.0.0.1:9092/login
2020-09-24 09:03:20.067 [http-nio-9092-exec-1] INFO  c.d.e.g.config.aop.permission.PermissionAspect - className:LoginController,methodName:login
2020-09-24 09:08:54.414 [SpringContextShutdownHook] INFO  com.alibaba.druid.pool.DruidDataSource - {dataSource-1} closing ...
2020-09-24 09:08:54.419 [SpringContextShutdownHook] INFO  com.alibaba.druid.pool.DruidDataSource - {dataSource-1} closed
2020-09-24 09:08:54.420 [SpringContextShutdownHook] INFO  o.s.scheduling.concurrent.ThreadPoolTaskExecutor - Shutting down ExecutorService 'applicationTaskExecutor'
2020-09-24 09:09:01.222 [main] INFO  com.dong.empty.SpringbootEmptyApplication - Starting SpringbootEmptyApplication on DESKTOP-NEGHJBV with PID 2068 (D:\workspaces\myself\springboot_empty\target\classes started by asheng in D:\workspaces\myself\springboot_empty)
2020-09-24 09:09:01.226 [main] INFO  com.dong.empty.SpringbootEmptyApplication - No active profile set, falling back to default profiles: default
2020-09-24 09:09:02.468 [main] INFO  o.s.boot.web.embedded.tomcat.TomcatWebServer - Tomcat initialized with port(s): 9092 (http)
2020-09-24 09:09:02.477 [main] INFO  org.apache.coyote.http11.Http11NioProtocol - Initializing ProtocolHandler ["http-nio-9092"]
2020-09-24 09:09:02.478 [main] INFO  org.apache.catalina.core.StandardService - Starting service [Tomcat]
2020-09-24 09:09:02.478 [main] INFO  org.apache.catalina.core.StandardEngine - Starting Servlet engine: [Apache Tomcat/9.0.37]
2020-09-24 09:09:02.598 [main] INFO  o.a.c.core.ContainerBase.[Tomcat].[localhost].[/] - Initializing Spring embedded WebApplicationContext
2020-09-24 09:09:02.599 [main] INFO  o.s.b.w.s.c.ServletWebServerApplicationContext - Root WebApplicationContext: initialization completed in 1300 ms
2020-09-24 09:09:02.910 [main] INFO  o.s.scheduling.concurrent.ThreadPoolTaskExecutor - Initializing ExecutorService 'applicationTaskExecutor'
2020-09-24 09:09:03.077 [main] INFO  c.a.d.s.b.a.DruidDataSourceAutoConfigure - Init DruidDataSource
2020-09-24 09:09:04.614 [main] INFO  com.alibaba.druid.pool.DruidDataSource - {dataSource-1} inited
2020-09-24 09:09:04.884 [main] INFO  org.apache.coyote.http11.Http11NioProtocol - Starting ProtocolHandler ["http-nio-9092"]
2020-09-24 09:09:04.907 [main] INFO  o.s.boot.web.embedded.tomcat.TomcatWebServer - Tomcat started on port(s): 9092 (http) with context path ''
2020-09-24 09:09:04.916 [main] INFO  com.dong.empty.SpringbootEmptyApplication - Started SpringbootEmptyApplication in 4.296 seconds (JVM running for 6.498)
2020-09-24 09:10:37.377 [http-nio-9092-exec-1] INFO  o.a.c.core.ContainerBase.[Tomcat].[localhost].[/] - Initializing Spring DispatcherServlet 'dispatcherServlet'
2020-09-24 09:10:37.377 [http-nio-9092-exec-1] INFO  org.springframework.web.servlet.DispatcherServlet - Initializing Servlet 'dispatcherServlet'
2020-09-24 09:10:37.387 [http-nio-9092-exec-1] INFO  org.springframework.web.servlet.DispatcherServlet - Completed initialization in 10 ms
2020-09-24 09:10:37.403 [http-nio-9092-exec-1] INFO  c.d.e.g.config.interceptor.RequestLogInterceptor - http://127.0.0.1:9092/login
2020-09-24 09:10:46.254 [http-nio-9092-exec-2] INFO  c.d.e.g.config.interceptor.RequestLogInterceptor - http://127.0.0.1:9092/login
2020-09-24 09:10:48.029 [http-nio-9092-exec-1] INFO  c.d.e.g.config.aop.permission.PermissionAspect - className:LoginController,methodName:login
2020-09-24 09:10:48.029 [http-nio-9092-exec-2] INFO  c.d.e.g.config.aop.permission.PermissionAspect - className:LoginController,methodName:login
2020-09-24 09:10:53.004 [http-nio-9092-exec-3] INFO  c.d.e.g.config.interceptor.RequestLogInterceptor - http://127.0.0.1:9092/login
2020-09-24 09:10:56.667 [http-nio-9092-exec-3] INFO  c.d.e.g.config.aop.permission.PermissionAspect - className:LoginController,methodName:login
2020-09-24 09:11:06.600 [SpringContextShutdownHook] INFO  com.alibaba.druid.pool.DruidDataSource - {dataSource-1} closing ...
2020-09-24 09:11:06.604 [SpringContextShutdownHook] INFO  com.alibaba.druid.pool.DruidDataSource - {dataSource-1} closed
2020-09-24 09:11:06.605 [SpringContextShutdownHook] INFO  o.s.scheduling.concurrent.ThreadPoolTaskExecutor - Shutting down ExecutorService 'applicationTaskExecutor'
2020-09-24 09:11:16.451 [main] INFO  com.dong.empty.SpringbootEmptyApplication - Starting SpringbootEmptyApplication on DESKTOP-NEGHJBV with PID 21484 (D:\workspaces\myself\springboot_empty\target\classes started by asheng in D:\workspaces\myself\springboot_empty)
2020-09-24 09:11:16.457 [main] INFO  com.dong.empty.SpringbootEmptyApplication - No active profile set, falling back to default profiles: default
2020-09-24 09:11:18.289 [main] INFO  o.s.boot.web.embedded.tomcat.TomcatWebServer - Tomcat initialized with port(s): 9092 (http)
2020-09-24 09:11:18.299 [main] INFO  org.apache.coyote.http11.Http11NioProtocol - Initializing ProtocolHandler ["http-nio-9092"]
2020-09-24 09:11:18.300 [main] INFO  org.apache.catalina.core.StandardService - Starting service [Tomcat]
2020-09-24 09:11:18.300 [main] INFO  org.apache.catalina.core.StandardEngine - Starting Servlet engine: [Apache Tomcat/9.0.37]
2020-09-24 09:11:18.457 [main] INFO  o.a.c.core.ContainerBase.[Tomcat].[localhost].[/] - Initializing Spring embedded WebApplicationContext
2020-09-24 09:11:18.457 [main] INFO  o.s.b.w.s.c.ServletWebServerApplicationContext - Root WebApplicationContext: initialization completed in 1856 ms
2020-09-24 09:11:19.043 [main] INFO  o.s.scheduling.concurrent.ThreadPoolTaskExecutor - Initializing ExecutorService 'applicationTaskExecutor'
2020-09-24 09:11:19.384 [main] INFO  c.a.d.s.b.a.DruidDataSourceAutoConfigure - Init DruidDataSource
2020-09-24 09:11:22.020 [main] INFO  com.alibaba.druid.pool.DruidDataSource - {dataSource-1} inited
2020-09-24 09:11:22.476 [main] INFO  org.apache.coyote.http11.Http11NioProtocol - Starting ProtocolHandler ["http-nio-9092"]
2020-09-24 09:11:22.516 [main] INFO  o.s.boot.web.embedded.tomcat.TomcatWebServer - Tomcat started on port(s): 9092 (http) with context path ''
2020-09-24 09:11:22.532 [main] INFO  com.dong.empty.SpringbootEmptyApplication - Started SpringbootEmptyApplication in 6.983 seconds (JVM running for 10.128)
2020-09-24 09:11:30.011 [http-nio-9092-exec-2] INFO  o.a.c.core.ContainerBase.[Tomcat].[localhost].[/] - Initializing Spring DispatcherServlet 'dispatcherServlet'
2020-09-24 09:11:30.011 [http-nio-9092-exec-2] INFO  org.springframework.web.servlet.DispatcherServlet - Initializing Servlet 'dispatcherServlet'
2020-09-24 09:11:30.019 [http-nio-9092-exec-2] INFO  org.springframework.web.servlet.DispatcherServlet - Completed initialization in 7 ms
2020-09-24 09:11:30.031 [http-nio-9092-exec-2] INFO  c.d.e.g.config.interceptor.RequestLogInterceptor - http://127.0.0.1:9092/login
2020-09-24 09:11:35.091 [http-nio-9092-exec-2] INFO  c.d.e.g.config.aop.permission.PermissionAspect - className:LoginController,methodName:login
2020-09-24 09:12:35.278 [SpringContextShutdownHook] INFO  com.alibaba.druid.pool.DruidDataSource - {dataSource-1} closing ...
2020-09-24 09:12:35.284 [SpringContextShutdownHook] INFO  com.alibaba.druid.pool.DruidDataSource - {dataSource-1} closed
2020-09-24 09:12:35.285 [SpringContextShutdownHook] INFO  o.s.scheduling.concurrent.ThreadPoolTaskExecutor - Shutting down ExecutorService 'applicationTaskExecutor'
2020-09-24 09:12:48.669 [main] INFO  com.dong.empty.SpringbootEmptyApplication - Starting SpringbootEmptyApplication on DESKTOP-NEGHJBV with PID 9988 (D:\workspaces\myself\springboot_empty\target\classes started by asheng in D:\workspaces\myself\springboot_empty)
2020-09-24 09:12:48.682 [main] INFO  com.dong.empty.SpringbootEmptyApplication - No active profile set, falling back to default profiles: default
2020-09-24 09:12:51.884 [main] INFO  o.s.boot.web.embedded.tomcat.TomcatWebServer - Tomcat initialized with port(s): 9092 (http)
2020-09-24 09:12:51.909 [main] INFO  org.apache.coyote.http11.Http11NioProtocol - Initializing ProtocolHandler ["http-nio-9092"]
2020-09-24 09:12:51.911 [main] INFO  org.apache.catalina.core.StandardService - Starting service [Tomcat]
2020-09-24 09:12:51.912 [main] INFO  org.apache.catalina.core.StandardEngine - Starting Servlet engine: [Apache Tomcat/9.0.37]
2020-09-24 09:12:52.153 [main] INFO  o.a.c.core.ContainerBase.[Tomcat].[localhost].[/] - Initializing Spring embedded WebApplicationContext
2020-09-24 09:12:52.154 [main] INFO  o.s.b.w.s.c.ServletWebServerApplicationContext - Root WebApplicationContext: initialization completed in 3065 ms
2020-09-24 09:12:52.598 [main] INFO  o.s.scheduling.concurrent.ThreadPoolTaskExecutor - Initializing ExecutorService 'applicationTaskExecutor'
2020-09-24 09:12:52.848 [main] INFO  c.a.d.s.b.a.DruidDataSourceAutoConfigure - Init DruidDataSource
2020-09-24 09:12:55.115 [main] INFO  com.alibaba.druid.pool.DruidDataSource - {dataSource-1} inited
2020-09-24 09:12:55.579 [main] INFO  org.apache.coyote.http11.Http11NioProtocol - Starting ProtocolHandler ["http-nio-9092"]
2020-09-24 09:12:55.604 [main] INFO  o.s.boot.web.embedded.tomcat.TomcatWebServer - Tomcat started on port(s): 9092 (http) with context path ''
2020-09-24 09:12:55.614 [main] INFO  com.dong.empty.SpringbootEmptyApplication - Started SpringbootEmptyApplication in 8.015 seconds (JVM running for 10.996)
2020-09-24 09:28:46.171 [main] INFO  com.dong.empty.SpringbootEmptyApplicationTests - Starting SpringbootEmptyApplicationTests on DESKTOP-NEGHJBV with PID 7712 (started by asheng in D:\workspaces\myself\springboot_empty)
2020-09-24 09:28:46.172 [main] INFO  com.dong.empty.SpringbootEmptyApplicationTests - No active profile set, falling back to default profiles: default
2020-09-24 09:28:47.999 [main] INFO  o.s.scheduling.concurrent.ThreadPoolTaskExecutor - Initializing ExecutorService 'applicationTaskExecutor'
2020-09-24 09:28:48.317 [main] INFO  c.a.d.s.b.a.DruidDataSourceAutoConfigure - Init DruidDataSource
2020-09-24 09:28:51.422 [main] INFO  com.alibaba.druid.pool.DruidDataSource - {dataSource-1} inited
2020-09-24 09:28:52.026 [main] INFO  com.dong.empty.SpringbootEmptyApplicationTests - Started SpringbootEmptyApplicationTests in 6.318 seconds (JVM running for 7.766)
2020-09-24 09:28:52.455 [SpringContextShutdownHook] INFO  com.alibaba.druid.pool.DruidDataSource - {dataSource-1} closing ...
2020-09-24 09:28:52.462 [SpringContextShutdownHook] INFO  com.alibaba.druid.pool.DruidDataSource - {dataSource-1} closed
2020-09-24 09:28:52.463 [SpringContextShutdownHook] INFO  o.s.scheduling.concurrent.ThreadPoolTaskExecutor - Shutting down ExecutorService 'applicationTaskExecutor'
2020-09-24 09:30:07.905 [SpringContextShutdownHook] INFO  com.alibaba.druid.pool.DruidDataSource - {dataSource-1} closing ...
2020-09-24 09:30:07.910 [SpringContextShutdownHook] INFO  com.alibaba.druid.pool.DruidDataSource - {dataSource-1} closed
2020-09-24 09:30:07.910 [SpringContextShutdownHook] INFO  o.s.scheduling.concurrent.ThreadPoolTaskExecutor - Shutting down ExecutorService 'applicationTaskExecutor'
