2020-10-16 10:59:49.414 [main] INFO  com.dong.empty.SpringbootEmptyApplication - Starting SpringbootEmptyApplication on DESKTOP-NEGHJBV with PID 9384 (D:\workspaces\myself\springboot_empty\target\classes started by asheng in D:\workspaces\myself\springboot_empty)
2020-10-16 10:59:49.417 [main] INFO  com.dong.empty.SpringbootEmptyApplication - No active profile set, falling back to default profiles: default
2020-10-16 10:59:51.667 [main] INFO  o.s.boot.web.embedded.tomcat.TomcatWebServer - Tomcat initialized with port(s): 9092 (http)
2020-10-16 10:59:51.677 [main] INFO  org.apache.coyote.http11.Http11NioProtocol - Initializing ProtocolHandler ["http-nio-9092"]
2020-10-16 10:59:51.677 [main] INFO  org.apache.catalina.core.StandardService - Starting service [Tomcat]
2020-10-16 10:59:51.678 [main] INFO  org.apache.catalina.core.StandardEngine - Starting Servlet engine: [Apache Tomcat/9.0.37]
2020-10-16 10:59:51.836 [main] INFO  o.a.c.core.ContainerBase.[Tomcat].[localhost].[/] - Initializing Spring embedded WebApplicationContext
2020-10-16 10:59:51.837 [main] INFO  o.s.b.w.s.c.ServletWebServerApplicationContext - Root WebApplicationContext: initialization completed in 2373 ms
2020-10-16 10:59:52.171 [main] INFO  o.s.scheduling.concurrent.ThreadPoolTaskExecutor - Initializing ExecutorService 'applicationTaskExecutor'
2020-10-16 10:59:52.551 [main] INFO  c.a.d.s.b.a.DruidDataSourceAutoConfigure - Init DruidDataSource
2020-10-16 10:59:58.020 [main] INFO  com.alibaba.druid.pool.DruidDataSource - {dataSource-1} inited
2020-10-16 10:59:58.326 [main] INFO  org.apache.coyote.http11.Http11NioProtocol - Starting ProtocolHandler ["http-nio-9092"]
2020-10-16 10:59:58.349 [main] INFO  o.s.boot.web.embedded.tomcat.TomcatWebServer - Tomcat started on port(s): 9092 (http) with context path ''
2020-10-16 10:59:58.360 [main] INFO  com.dong.empty.SpringbootEmptyApplication - Started SpringbootEmptyApplication in 9.682 seconds (JVM running for 16.337)
2020-10-16 11:00:09.860 [http-nio-9092-exec-1] INFO  o.a.c.core.ContainerBase.[Tomcat].[localhost].[/] - Initializing Spring DispatcherServlet 'dispatcherServlet'
2020-10-16 11:00:09.860 [http-nio-9092-exec-1] INFO  org.springframework.web.servlet.DispatcherServlet - Initializing Servlet 'dispatcherServlet'
2020-10-16 11:00:09.868 [http-nio-9092-exec-1] INFO  org.springframework.web.servlet.DispatcherServlet - Completed initialization in 7 ms
2020-10-16 11:00:09.886 [http-nio-9092-exec-1] INFO  c.d.e.g.config.interceptor.RequestLogInterceptor - http://127.0.0.1:9092/login
2020-10-16 11:00:09.904 [http-nio-9092-exec-1] INFO  c.d.e.g.config.aop.permission.PermissionAspect - RateLimiterAspect: className:LoginController,methodName:login
2020-10-16 11:00:15.729 [http-nio-9092-exec-2] INFO  c.d.e.g.config.interceptor.RequestLogInterceptor - http://127.0.0.1:9092/excel/exportByTemplate
2020-10-16 11:00:15.864 [http-nio-9092-exec-3] INFO  c.d.e.g.config.interceptor.RequestLogInterceptor - http://127.0.0.1:9092/favicon.ico
2020-10-16 11:00:15.876 [http-nio-9092-exec-3] INFO  c.d.e.g.config.interceptor.RequestLogInterceptor - http://127.0.0.1:9092/error
2020-10-16 11:00:24.269 [http-nio-9092-exec-4] INFO  c.d.e.g.config.interceptor.RequestLogInterceptor - http://127.0.0.1:9092/excel/exportByTemplate
2020-10-16 11:03:06.036 [SpringContextShutdownHook] INFO  com.alibaba.druid.pool.DruidDataSource - {dataSource-1} closing ...
2020-10-16 11:03:06.042 [SpringContextShutdownHook] INFO  com.alibaba.druid.pool.DruidDataSource - {dataSource-1} closed
2020-10-16 11:03:06.043 [SpringContextShutdownHook] INFO  o.s.scheduling.concurrent.ThreadPoolTaskExecutor - Shutting down ExecutorService 'applicationTaskExecutor'
2020-10-16 11:03:19.148 [main] INFO  com.dong.empty.SpringbootEmptyApplication - Starting SpringbootEmptyApplication on DESKTOP-NEGHJBV with PID 7136 (D:\workspaces\myself\springboot_empty\target\classes started by asheng in D:\workspaces\myself\springboot_empty)
2020-10-16 11:03:19.152 [main] INFO  com.dong.empty.SpringbootEmptyApplication - No active profile set, falling back to default profiles: default
2020-10-16 11:03:20.469 [main] INFO  o.s.boot.web.embedded.tomcat.TomcatWebServer - Tomcat initialized with port(s): 9092 (http)
2020-10-16 11:03:20.477 [main] INFO  org.apache.coyote.http11.Http11NioProtocol - Initializing ProtocolHandler ["http-nio-9092"]
2020-10-16 11:03:20.478 [main] INFO  org.apache.catalina.core.StandardService - Starting service [Tomcat]
2020-10-16 11:03:20.478 [main] INFO  org.apache.catalina.core.StandardEngine - Starting Servlet engine: [Apache Tomcat/9.0.37]
2020-10-16 11:03:20.606 [main] INFO  o.a.c.core.ContainerBase.[Tomcat].[localhost].[/] - Initializing Spring embedded WebApplicationContext
2020-10-16 11:03:20.606 [main] INFO  o.s.b.w.s.c.ServletWebServerApplicationContext - Root WebApplicationContext: initialization completed in 1387 ms
2020-10-16 11:03:20.933 [main] INFO  o.s.scheduling.concurrent.ThreadPoolTaskExecutor - Initializing ExecutorService 'applicationTaskExecutor'
2020-10-16 11:03:21.137 [main] INFO  c.a.d.s.b.a.DruidDataSourceAutoConfigure - Init DruidDataSource
2020-10-16 11:03:26.878 [main] INFO  com.alibaba.druid.pool.DruidDataSource - {dataSource-1} inited
2020-10-16 11:03:27.509 [main] INFO  org.apache.coyote.http11.Http11NioProtocol - Starting ProtocolHandler ["http-nio-9092"]
2020-10-16 11:03:27.559 [main] INFO  o.s.boot.web.embedded.tomcat.TomcatWebServer - Tomcat started on port(s): 9092 (http) with context path ''
2020-10-16 11:03:27.585 [main] INFO  com.dong.empty.SpringbootEmptyApplication - Started SpringbootEmptyApplication in 9.01 seconds (JVM running for 15.657)
2020-10-16 11:07:52.027 [SpringContextShutdownHook] INFO  com.alibaba.druid.pool.DruidDataSource - {dataSource-1} closing ...
2020-10-16 11:07:52.031 [SpringContextShutdownHook] INFO  com.alibaba.druid.pool.DruidDataSource - {dataSource-1} closed
2020-10-16 11:07:52.032 [SpringContextShutdownHook] INFO  o.s.scheduling.concurrent.ThreadPoolTaskExecutor - Shutting down ExecutorService 'applicationTaskExecutor'
2020-10-16 11:08:03.691 [main] INFO  com.dong.empty.SpringbootEmptyApplication - Starting SpringbootEmptyApplication on DESKTOP-NEGHJBV with PID 7192 (D:\workspaces\myself\springboot_empty\target\classes started by asheng in D:\workspaces\myself\springboot_empty)
2020-10-16 11:08:03.695 [main] INFO  com.dong.empty.SpringbootEmptyApplication - No active profile set, falling back to default profiles: default
2020-10-16 11:08:04.944 [main] INFO  o.s.boot.web.embedded.tomcat.TomcatWebServer - Tomcat initialized with port(s): 9092 (http)
2020-10-16 11:08:04.951 [main] INFO  org.apache.coyote.http11.Http11NioProtocol - Initializing ProtocolHandler ["http-nio-9092"]
2020-10-16 11:08:04.952 [main] INFO  org.apache.catalina.core.StandardService - Starting service [Tomcat]
2020-10-16 11:08:04.952 [main] INFO  org.apache.catalina.core.StandardEngine - Starting Servlet engine: [Apache Tomcat/9.0.37]
2020-10-16 11:08:05.080 [main] INFO  o.a.c.core.ContainerBase.[Tomcat].[localhost].[/] - Initializing Spring embedded WebApplicationContext
2020-10-16 11:08:05.081 [main] INFO  o.s.b.w.s.c.ServletWebServerApplicationContext - Root WebApplicationContext: initialization completed in 1325 ms
2020-10-16 11:08:05.376 [main] INFO  o.s.scheduling.concurrent.ThreadPoolTaskExecutor - Initializing ExecutorService 'applicationTaskExecutor'
2020-10-16 11:08:05.574 [main] INFO  c.a.d.s.b.a.DruidDataSourceAutoConfigure - Init DruidDataSource
2020-10-16 11:08:10.959 [main] INFO  com.alibaba.druid.pool.DruidDataSource - {dataSource-1} inited
2020-10-16 11:08:11.227 [main] INFO  org.apache.coyote.http11.Http11NioProtocol - Starting ProtocolHandler ["http-nio-9092"]
2020-10-16 11:08:11.250 [main] INFO  o.s.boot.web.embedded.tomcat.TomcatWebServer - Tomcat started on port(s): 9092 (http) with context path ''
2020-10-16 11:08:11.258 [main] INFO  com.dong.empty.SpringbootEmptyApplication - Started SpringbootEmptyApplication in 8.145 seconds (JVM running for 14.545)
2020-10-16 11:08:19.267 [http-nio-9092-exec-1] INFO  o.a.c.core.ContainerBase.[Tomcat].[localhost].[/] - Initializing Spring DispatcherServlet 'dispatcherServlet'
2020-10-16 11:08:19.267 [http-nio-9092-exec-1] INFO  org.springframework.web.servlet.DispatcherServlet - Initializing Servlet 'dispatcherServlet'
2020-10-16 11:08:19.275 [http-nio-9092-exec-1] INFO  org.springframework.web.servlet.DispatcherServlet - Completed initialization in 8 ms
2020-10-16 11:08:19.288 [http-nio-9092-exec-1] INFO  c.d.e.g.config.interceptor.RequestLogInterceptor - http://127.0.0.1:9092/excel/exportByTemplate
2020-10-16 11:08:32.583 [http-nio-9092-exec-2] INFO  c.d.e.g.config.interceptor.RequestLogInterceptor - http://127.0.0.1:9092/login
2020-10-16 11:08:32.592 [http-nio-9092-exec-2] INFO  c.d.e.g.config.aop.permission.PermissionAspect - RateLimiterAspect: className:LoginController,methodName:login
2020-10-16 11:08:35.647 [http-nio-9092-exec-3] INFO  c.d.e.g.config.interceptor.RequestLogInterceptor - http://127.0.0.1:9092/excel/exportByTemplate
2020-10-16 11:09:28.556 [SpringContextShutdownHook] INFO  com.alibaba.druid.pool.DruidDataSource - {dataSource-1} closing ...
2020-10-16 11:09:28.562 [SpringContextShutdownHook] INFO  com.alibaba.druid.pool.DruidDataSource - {dataSource-1} closed
2020-10-16 11:09:28.562 [SpringContextShutdownHook] INFO  o.s.scheduling.concurrent.ThreadPoolTaskExecutor - Shutting down ExecutorService 'applicationTaskExecutor'
2020-10-16 11:09:39.939 [main] INFO  com.dong.empty.SpringbootEmptyApplication - Starting SpringbootEmptyApplication on DESKTOP-NEGHJBV with PID 11412 (D:\workspaces\myself\springboot_empty\target\classes started by asheng in D:\workspaces\myself\springboot_empty)
2020-10-16 11:09:39.943 [main] INFO  com.dong.empty.SpringbootEmptyApplication - No active profile set, falling back to default profiles: default
2020-10-16 11:09:41.362 [main] INFO  o.s.boot.web.embedded.tomcat.TomcatWebServer - Tomcat initialized with port(s): 9092 (http)
2020-10-16 11:09:41.375 [main] INFO  org.apache.coyote.http11.Http11NioProtocol - Initializing ProtocolHandler ["http-nio-9092"]
2020-10-16 11:09:41.377 [main] INFO  org.apache.catalina.core.StandardService - Starting service [Tomcat]
2020-10-16 11:09:41.377 [main] INFO  org.apache.catalina.core.StandardEngine - Starting Servlet engine: [Apache Tomcat/9.0.37]
2020-10-16 11:09:41.510 [main] INFO  o.a.c.core.ContainerBase.[Tomcat].[localhost].[/] - Initializing Spring embedded WebApplicationContext
2020-10-16 11:09:41.510 [main] INFO  o.s.b.w.s.c.ServletWebServerApplicationContext - Root WebApplicationContext: initialization completed in 1514 ms
2020-10-16 11:09:41.860 [main] INFO  o.s.scheduling.concurrent.ThreadPoolTaskExecutor - Initializing ExecutorService 'applicationTaskExecutor'
2020-10-16 11:09:42.079 [main] INFO  c.a.d.s.b.a.DruidDataSourceAutoConfigure - Init DruidDataSource
2020-10-16 11:09:47.721 [main] INFO  com.alibaba.druid.pool.DruidDataSource - {dataSource-1} inited
2020-10-16 11:09:47.998 [main] INFO  org.apache.coyote.http11.Http11NioProtocol - Starting ProtocolHandler ["http-nio-9092"]
2020-10-16 11:09:48.023 [main] INFO  o.s.boot.web.embedded.tomcat.TomcatWebServer - Tomcat started on port(s): 9092 (http) with context path ''
2020-10-16 11:09:48.032 [main] INFO  com.dong.empty.SpringbootEmptyApplication - Started SpringbootEmptyApplication in 8.736 seconds (JVM running for 15.169)
2020-10-16 11:10:01.452 [http-nio-9092-exec-1] INFO  o.a.c.core.ContainerBase.[Tomcat].[localhost].[/] - Initializing Spring DispatcherServlet 'dispatcherServlet'
2020-10-16 11:10:01.452 [http-nio-9092-exec-1] INFO  org.springframework.web.servlet.DispatcherServlet - Initializing Servlet 'dispatcherServlet'
2020-10-16 11:10:01.460 [http-nio-9092-exec-1] INFO  org.springframework.web.servlet.DispatcherServlet - Completed initialization in 8 ms
2020-10-16 11:10:01.473 [http-nio-9092-exec-1] INFO  c.d.e.g.config.interceptor.RequestLogInterceptor - http://127.0.0.1:9092/excel/exportByTemplate
2020-10-16 11:10:03.711 [http-nio-9092-exec-2] INFO  c.d.e.g.config.interceptor.RequestLogInterceptor - http://127.0.0.1:9092/login
2020-10-16 11:10:03.719 [http-nio-9092-exec-2] INFO  c.d.e.g.config.aop.permission.PermissionAspect - RateLimiterAspect: className:LoginController,methodName:login
2020-10-16 11:10:05.843 [http-nio-9092-exec-3] INFO  c.d.e.g.config.interceptor.RequestLogInterceptor - http://127.0.0.1:9092/excel/exportByTemplate
2020-10-16 11:13:04.709 [http-nio-9092-exec-6] INFO  c.d.e.g.config.interceptor.RequestLogInterceptor - http://127.0.0.1:9092/excel/exportByTemplate
2020-10-16 11:13:18.589 [SpringContextShutdownHook] INFO  com.alibaba.druid.pool.DruidDataSource - {dataSource-1} closing ...
2020-10-16 11:13:18.594 [SpringContextShutdownHook] INFO  com.alibaba.druid.pool.DruidDataSource - {dataSource-1} closed
2020-10-16 11:13:18.594 [SpringContextShutdownHook] INFO  o.s.scheduling.concurrent.ThreadPoolTaskExecutor - Shutting down ExecutorService 'applicationTaskExecutor'
2020-10-16 11:13:29.786 [main] INFO  com.dong.empty.SpringbootEmptyApplication - Starting SpringbootEmptyApplication on DESKTOP-NEGHJBV with PID 10920 (D:\workspaces\myself\springboot_empty\target\classes started by asheng in D:\workspaces\myself\springboot_empty)
2020-10-16 11:13:29.790 [main] INFO  com.dong.empty.SpringbootEmptyApplication - No active profile set, falling back to default profiles: default
2020-10-16 11:13:31.070 [main] INFO  o.s.boot.web.embedded.tomcat.TomcatWebServer - Tomcat initialized with port(s): 9092 (http)
2020-10-16 11:13:31.078 [main] INFO  org.apache.coyote.http11.Http11NioProtocol - Initializing ProtocolHandler ["http-nio-9092"]
2020-10-16 11:13:31.079 [main] INFO  org.apache.catalina.core.StandardService - Starting service [Tomcat]
2020-10-16 11:13:31.079 [main] INFO  org.apache.catalina.core.StandardEngine - Starting Servlet engine: [Apache Tomcat/9.0.37]
2020-10-16 11:13:31.205 [main] INFO  o.a.c.core.ContainerBase.[Tomcat].[localhost].[/] - Initializing Spring embedded WebApplicationContext
2020-10-16 11:13:31.205 [main] INFO  o.s.b.w.s.c.ServletWebServerApplicationContext - Root WebApplicationContext: initialization completed in 1357 ms
2020-10-16 11:13:31.515 [main] INFO  o.s.scheduling.concurrent.ThreadPoolTaskExecutor - Initializing ExecutorService 'applicationTaskExecutor'
2020-10-16 11:13:31.716 [main] INFO  c.a.d.s.b.a.DruidDataSourceAutoConfigure - Init DruidDataSource
2020-10-16 11:13:36.986 [main] INFO  com.alibaba.druid.pool.DruidDataSource - {dataSource-1} inited
2020-10-16 11:13:37.253 [main] INFO  org.apache.coyote.http11.Http11NioProtocol - Starting ProtocolHandler ["http-nio-9092"]
2020-10-16 11:13:37.277 [main] INFO  o.s.boot.web.embedded.tomcat.TomcatWebServer - Tomcat started on port(s): 9092 (http) with context path ''
2020-10-16 11:13:37.286 [main] INFO  com.dong.empty.SpringbootEmptyApplication - Started SpringbootEmptyApplication in 8.072 seconds (JVM running for 14.436)
2020-10-16 11:13:49.061 [http-nio-9092-exec-1] INFO  o.a.c.core.ContainerBase.[Tomcat].[localhost].[/] - Initializing Spring DispatcherServlet 'dispatcherServlet'
2020-10-16 11:13:49.061 [http-nio-9092-exec-1] INFO  org.springframework.web.servlet.DispatcherServlet - Initializing Servlet 'dispatcherServlet'
2020-10-16 11:13:49.068 [http-nio-9092-exec-1] INFO  org.springframework.web.servlet.DispatcherServlet - Completed initialization in 7 ms
2020-10-16 11:13:49.080 [http-nio-9092-exec-1] INFO  c.d.e.g.config.interceptor.RequestLogInterceptor - http://127.0.0.1:9092/excel/exportByTemplate
2020-10-16 11:13:51.373 [http-nio-9092-exec-3] INFO  c.d.e.g.config.interceptor.RequestLogInterceptor - http://127.0.0.1:9092/login
2020-10-16 11:13:51.380 [http-nio-9092-exec-3] INFO  c.d.e.g.config.aop.permission.PermissionAspect - RateLimiterAspect: className:LoginController,methodName:login
2020-10-16 11:13:53.626 [http-nio-9092-exec-2] INFO  c.d.e.g.config.interceptor.RequestLogInterceptor - http://127.0.0.1:9092/excel/exportByTemplate
2020-10-16 11:20:45.083 [SpringContextShutdownHook] INFO  com.alibaba.druid.pool.DruidDataSource - {dataSource-1} closing ...
2020-10-16 11:20:45.089 [SpringContextShutdownHook] INFO  com.alibaba.druid.pool.DruidDataSource - {dataSource-1} closed
2020-10-16 11:20:45.089 [SpringContextShutdownHook] INFO  o.s.scheduling.concurrent.ThreadPoolTaskExecutor - Shutting down ExecutorService 'applicationTaskExecutor'
2020-10-16 11:20:56.507 [main] INFO  com.dong.empty.SpringbootEmptyApplication - Starting SpringbootEmptyApplication on DESKTOP-NEGHJBV with PID 4196 (D:\workspaces\myself\springboot_empty\target\classes started by asheng in D:\workspaces\myself\springboot_empty)
2020-10-16 11:20:56.512 [main] INFO  com.dong.empty.SpringbootEmptyApplication - No active profile set, falling back to default profiles: default
2020-10-16 11:20:57.908 [main] INFO  o.s.boot.web.embedded.tomcat.TomcatWebServer - Tomcat initialized with port(s): 9092 (http)
2020-10-16 11:20:57.919 [main] INFO  org.apache.coyote.http11.Http11NioProtocol - Initializing ProtocolHandler ["http-nio-9092"]
2020-10-16 11:20:57.919 [main] INFO  org.apache.catalina.core.StandardService - Starting service [Tomcat]
2020-10-16 11:20:57.920 [main] INFO  org.apache.catalina.core.StandardEngine - Starting Servlet engine: [Apache Tomcat/9.0.37]
2020-10-16 11:20:58.046 [main] INFO  o.a.c.core.ContainerBase.[Tomcat].[localhost].[/] - Initializing Spring embedded WebApplicationContext
2020-10-16 11:20:58.046 [main] INFO  o.s.b.w.s.c.ServletWebServerApplicationContext - Root WebApplicationContext: initialization completed in 1439 ms
2020-10-16 11:20:58.339 [main] INFO  o.s.scheduling.concurrent.ThreadPoolTaskExecutor - Initializing ExecutorService 'applicationTaskExecutor'
2020-10-16 11:20:58.541 [main] INFO  c.a.d.s.b.a.DruidDataSourceAutoConfigure - Init DruidDataSource
2020-10-16 11:21:03.971 [main] INFO  com.alibaba.druid.pool.DruidDataSource - {dataSource-1} inited
2020-10-16 11:21:04.235 [main] INFO  org.apache.coyote.http11.Http11NioProtocol - Starting ProtocolHandler ["http-nio-9092"]
2020-10-16 11:21:04.256 [main] INFO  o.s.boot.web.embedded.tomcat.TomcatWebServer - Tomcat started on port(s): 9092 (http) with context path ''
2020-10-16 11:21:04.266 [main] INFO  com.dong.empty.SpringbootEmptyApplication - Started SpringbootEmptyApplication in 8.385 seconds (JVM running for 14.867)
2020-10-16 11:21:10.340 [http-nio-9092-exec-1] INFO  o.a.c.core.ContainerBase.[Tomcat].[localhost].[/] - Initializing Spring DispatcherServlet 'dispatcherServlet'
2020-10-16 11:21:10.340 [http-nio-9092-exec-1] INFO  org.springframework.web.servlet.DispatcherServlet - Initializing Servlet 'dispatcherServlet'
2020-10-16 11:21:10.347 [http-nio-9092-exec-1] INFO  org.springframework.web.servlet.DispatcherServlet - Completed initialization in 7 ms
2020-10-16 11:21:10.360 [http-nio-9092-exec-1] INFO  c.d.e.g.config.interceptor.RequestLogInterceptor - http://127.0.0.1:9092/login
2020-10-16 11:21:10.376 [http-nio-9092-exec-1] INFO  c.d.e.g.config.aop.permission.PermissionAspect - RateLimiterAspect: className:LoginController,methodName:login
2020-10-16 11:21:11.871 [http-nio-9092-exec-2] INFO  c.d.e.g.config.interceptor.RequestLogInterceptor - http://127.0.0.1:9092/excel/exportByTemplate
2020-10-16 11:22:19.558 [SpringContextShutdownHook] INFO  com.alibaba.druid.pool.DruidDataSource - {dataSource-1} closing ...
2020-10-16 11:22:19.563 [SpringContextShutdownHook] INFO  com.alibaba.druid.pool.DruidDataSource - {dataSource-1} closed
2020-10-16 11:22:19.563 [SpringContextShutdownHook] INFO  o.s.scheduling.concurrent.ThreadPoolTaskExecutor - Shutting down ExecutorService 'applicationTaskExecutor'
2020-10-16 11:22:30.575 [main] INFO  com.dong.empty.SpringbootEmptyApplication - Starting SpringbootEmptyApplication on DESKTOP-NEGHJBV with PID 10396 (D:\workspaces\myself\springboot_empty\target\classes started by asheng in D:\workspaces\myself\springboot_empty)
2020-10-16 11:22:30.578 [main] INFO  com.dong.empty.SpringbootEmptyApplication - No active profile set, falling back to default profiles: default
2020-10-16 11:22:31.874 [main] INFO  o.s.boot.web.embedded.tomcat.TomcatWebServer - Tomcat initialized with port(s): 9092 (http)
2020-10-16 11:22:31.882 [main] INFO  org.apache.coyote.http11.Http11NioProtocol - Initializing ProtocolHandler ["http-nio-9092"]
2020-10-16 11:22:31.883 [main] INFO  org.apache.catalina.core.StandardService - Starting service [Tomcat]
2020-10-16 11:22:31.883 [main] INFO  org.apache.catalina.core.StandardEngine - Starting Servlet engine: [Apache Tomcat/9.0.37]
2020-10-16 11:22:32.007 [main] INFO  o.a.c.core.ContainerBase.[Tomcat].[localhost].[/] - Initializing Spring embedded WebApplicationContext
2020-10-16 11:22:32.007 [main] INFO  o.s.b.w.s.c.ServletWebServerApplicationContext - Root WebApplicationContext: initialization completed in 1367 ms
2020-10-16 11:22:32.324 [main] INFO  o.s.scheduling.concurrent.ThreadPoolTaskExecutor - Initializing ExecutorService 'applicationTaskExecutor'
2020-10-16 11:22:32.527 [main] INFO  c.a.d.s.b.a.DruidDataSourceAutoConfigure - Init DruidDataSource
2020-10-16 11:22:37.964 [main] INFO  com.alibaba.druid.pool.DruidDataSource - {dataSource-1} inited
2020-10-16 11:22:38.223 [main] INFO  org.apache.coyote.http11.Http11NioProtocol - Starting ProtocolHandler ["http-nio-9092"]
2020-10-16 11:22:38.245 [main] INFO  o.s.boot.web.embedded.tomcat.TomcatWebServer - Tomcat started on port(s): 9092 (http) with context path ''
2020-10-16 11:22:38.256 [main] INFO  com.dong.empty.SpringbootEmptyApplication - Started SpringbootEmptyApplication in 8.266 seconds (JVM running for 14.868)
2020-10-16 11:22:43.516 [http-nio-9092-exec-1] INFO  o.a.c.core.ContainerBase.[Tomcat].[localhost].[/] - Initializing Spring DispatcherServlet 'dispatcherServlet'
2020-10-16 11:22:43.516 [http-nio-9092-exec-1] INFO  org.springframework.web.servlet.DispatcherServlet - Initializing Servlet 'dispatcherServlet'
2020-10-16 11:22:43.526 [http-nio-9092-exec-1] INFO  org.springframework.web.servlet.DispatcherServlet - Completed initialization in 9 ms
2020-10-16 11:22:43.540 [http-nio-9092-exec-1] INFO  c.d.e.g.config.interceptor.RequestLogInterceptor - http://127.0.0.1:9092/excel/exportByTemplate
2020-10-16 11:22:45.633 [http-nio-9092-exec-2] INFO  c.d.e.g.config.interceptor.RequestLogInterceptor - http://127.0.0.1:9092/login
2020-10-16 11:22:45.641 [http-nio-9092-exec-2] INFO  c.d.e.g.config.aop.permission.PermissionAspect - RateLimiterAspect: className:LoginController,methodName:login
2020-10-16 11:22:48.161 [http-nio-9092-exec-3] INFO  c.d.e.g.config.interceptor.RequestLogInterceptor - http://127.0.0.1:9092/excel/exportByTemplate
2020-10-16 11:23:28.200 [SpringContextShutdownHook] INFO  com.alibaba.druid.pool.DruidDataSource - {dataSource-1} closing ...
2020-10-16 11:23:28.207 [SpringContextShutdownHook] INFO  com.alibaba.druid.pool.DruidDataSource - {dataSource-1} closed
2020-10-16 11:23:28.207 [SpringContextShutdownHook] INFO  o.s.scheduling.concurrent.ThreadPoolTaskExecutor - Shutting down ExecutorService 'applicationTaskExecutor'
2020-10-16 11:23:39.824 [main] INFO  com.dong.empty.SpringbootEmptyApplication - Starting SpringbootEmptyApplication on DESKTOP-NEGHJBV with PID 14000 (D:\workspaces\myself\springboot_empty\target\classes started by asheng in D:\workspaces\myself\springboot_empty)
2020-10-16 11:23:39.828 [main] INFO  com.dong.empty.SpringbootEmptyApplication - No active profile set, falling back to default profiles: default
2020-10-16 11:23:41.111 [main] INFO  o.s.boot.web.embedded.tomcat.TomcatWebServer - Tomcat initialized with port(s): 9092 (http)
2020-10-16 11:23:41.120 [main] INFO  org.apache.coyote.http11.Http11NioProtocol - Initializing ProtocolHandler ["http-nio-9092"]
2020-10-16 11:23:41.120 [main] INFO  org.apache.catalina.core.StandardService - Starting service [Tomcat]
2020-10-16 11:23:41.120 [main] INFO  org.apache.catalina.core.StandardEngine - Starting Servlet engine: [Apache Tomcat/9.0.37]
2020-10-16 11:23:41.248 [main] INFO  o.a.c.core.ContainerBase.[Tomcat].[localhost].[/] - Initializing Spring embedded WebApplicationContext
2020-10-16 11:23:41.248 [main] INFO  o.s.b.w.s.c.ServletWebServerApplicationContext - Root WebApplicationContext: initialization completed in 1357 ms
2020-10-16 11:23:41.563 [main] INFO  o.s.scheduling.concurrent.ThreadPoolTaskExecutor - Initializing ExecutorService 'applicationTaskExecutor'
2020-10-16 11:23:41.761 [main] INFO  c.a.d.s.b.a.DruidDataSourceAutoConfigure - Init DruidDataSource
2020-10-16 11:23:47.063 [main] INFO  com.alibaba.druid.pool.DruidDataSource - {dataSource-1} inited
2020-10-16 11:23:47.324 [main] INFO  org.apache.coyote.http11.Http11NioProtocol - Starting ProtocolHandler ["http-nio-9092"]
2020-10-16 11:23:47.347 [main] INFO  o.s.boot.web.embedded.tomcat.TomcatWebServer - Tomcat started on port(s): 9092 (http) with context path ''
2020-10-16 11:23:47.355 [main] INFO  com.dong.empty.SpringbootEmptyApplication - Started SpringbootEmptyApplication in 8.108 seconds (JVM running for 14.555)
2020-10-16 11:23:50.572 [http-nio-9092-exec-1] INFO  o.a.c.core.ContainerBase.[Tomcat].[localhost].[/] - Initializing Spring DispatcherServlet 'dispatcherServlet'
2020-10-16 11:23:50.572 [http-nio-9092-exec-1] INFO  org.springframework.web.servlet.DispatcherServlet - Initializing Servlet 'dispatcherServlet'
2020-10-16 11:23:50.580 [http-nio-9092-exec-1] INFO  org.springframework.web.servlet.DispatcherServlet - Completed initialization in 8 ms
2020-10-16 11:23:50.593 [http-nio-9092-exec-1] INFO  c.d.e.g.config.interceptor.RequestLogInterceptor - http://127.0.0.1:9092/login
2020-10-16 11:23:50.610 [http-nio-9092-exec-1] INFO  c.d.e.g.config.aop.permission.PermissionAspect - RateLimiterAspect: className:LoginController,methodName:login
2020-10-16 11:23:52.666 [http-nio-9092-exec-2] INFO  c.d.e.g.config.interceptor.RequestLogInterceptor - http://127.0.0.1:9092/excel/exportByTemplate
2020-10-16 11:25:37.053 [SpringContextShutdownHook] INFO  com.alibaba.druid.pool.DruidDataSource - {dataSource-1} closing ...
2020-10-16 11:25:37.059 [SpringContextShutdownHook] INFO  com.alibaba.druid.pool.DruidDataSource - {dataSource-1} closed
2020-10-16 11:25:37.060 [SpringContextShutdownHook] INFO  o.s.scheduling.concurrent.ThreadPoolTaskExecutor - Shutting down ExecutorService 'applicationTaskExecutor'
2020-10-16 11:25:49.349 [main] INFO  com.dong.empty.SpringbootEmptyApplication - Starting SpringbootEmptyApplication on DESKTOP-NEGHJBV with PID 8228 (D:\workspaces\myself\springboot_empty\target\classes started by asheng in D:\workspaces\myself\springboot_empty)
2020-10-16 11:25:49.353 [main] INFO  com.dong.empty.SpringbootEmptyApplication - No active profile set, falling back to default profiles: default
2020-10-16 11:25:50.831 [main] INFO  o.s.boot.web.embedded.tomcat.TomcatWebServer - Tomcat initialized with port(s): 9092 (http)
2020-10-16 11:25:50.842 [main] INFO  org.apache.coyote.http11.Http11NioProtocol - Initializing ProtocolHandler ["http-nio-9092"]
2020-10-16 11:25:50.843 [main] INFO  org.apache.catalina.core.StandardService - Starting service [Tomcat]
2020-10-16 11:25:50.844 [main] INFO  org.apache.catalina.core.StandardEngine - Starting Servlet engine: [Apache Tomcat/9.0.37]
2020-10-16 11:25:50.973 [main] INFO  o.a.c.core.ContainerBase.[Tomcat].[localhost].[/] - Initializing Spring embedded WebApplicationContext
2020-10-16 11:25:50.973 [main] INFO  o.s.b.w.s.c.ServletWebServerApplicationContext - Root WebApplicationContext: initialization completed in 1550 ms
2020-10-16 11:25:51.303 [main] INFO  o.s.scheduling.concurrent.ThreadPoolTaskExecutor - Initializing ExecutorService 'applicationTaskExecutor'
2020-10-16 11:25:51.518 [main] INFO  c.a.d.s.b.a.DruidDataSourceAutoConfigure - Init DruidDataSource
2020-10-16 11:25:57.118 [main] INFO  com.alibaba.druid.pool.DruidDataSource - {dataSource-1} inited
2020-10-16 11:25:57.386 [main] INFO  org.apache.coyote.http11.Http11NioProtocol - Starting ProtocolHandler ["http-nio-9092"]
2020-10-16 11:25:57.408 [main] INFO  o.s.boot.web.embedded.tomcat.TomcatWebServer - Tomcat started on port(s): 9092 (http) with context path ''
2020-10-16 11:25:57.416 [main] INFO  com.dong.empty.SpringbootEmptyApplication - Started SpringbootEmptyApplication in 8.649 seconds (JVM running for 15.238)
2020-10-16 11:31:18.358 [SpringContextShutdownHook] INFO  com.alibaba.druid.pool.DruidDataSource - {dataSource-1} closing ...
2020-10-16 11:31:18.363 [SpringContextShutdownHook] INFO  com.alibaba.druid.pool.DruidDataSource - {dataSource-1} closed
2020-10-16 11:31:18.363 [SpringContextShutdownHook] INFO  o.s.scheduling.concurrent.ThreadPoolTaskExecutor - Shutting down ExecutorService 'applicationTaskExecutor'
2020-10-16 11:31:30.129 [background-preinit] DEBUG o.h.v.i.engine.ValidatorFactoryConfigurationHelper - HV000252: Using org.hibernate.validator.internal.engine.DefaultPropertyNodeNameProvider as property node name provider.
2020-10-16 11:31:30.218 [main] INFO  com.dong.empty.SpringbootEmptyApplication - Starting SpringbootEmptyApplication on DESKTOP-NEGHJBV with PID 15108 (D:\workspaces\myself\springboot_empty\target\classes started by asheng in D:\workspaces\myself\springboot_empty)
2020-10-16 11:31:30.219 [main] INFO  com.dong.empty.SpringbootEmptyApplication - No active profile set, falling back to default profiles: default
2020-10-16 11:31:31.564 [main] INFO  o.s.boot.web.embedded.tomcat.TomcatWebServer - Tomcat initialized with port(s): 9092 (http)
2020-10-16 11:31:31.572 [main] INFO  org.apache.coyote.http11.Http11NioProtocol - Initializing ProtocolHandler ["http-nio-9092"]
2020-10-16 11:31:31.573 [main] INFO  org.apache.catalina.core.StandardService - Starting service [Tomcat]
2020-10-16 11:31:31.573 [main] INFO  org.apache.catalina.core.StandardEngine - Starting Servlet engine: [Apache Tomcat/9.0.37]
2020-10-16 11:31:31.704 [main] INFO  o.a.c.core.ContainerBase.[Tomcat].[localhost].[/] - Initializing Spring embedded WebApplicationContext
2020-10-16 11:31:31.704 [main] INFO  o.s.b.w.s.c.ServletWebServerApplicationContext - Root WebApplicationContext: initialization completed in 1429 ms
2020-10-16 11:31:32.029 [main] INFO  o.s.scheduling.concurrent.ThreadPoolTaskExecutor - Initializing ExecutorService 'applicationTaskExecutor'
2020-10-16 11:31:32.250 [main] INFO  c.a.d.s.b.a.DruidDataSourceAutoConfigure - Init DruidDataSource
2020-10-16 11:31:37.743 [main] INFO  com.alibaba.druid.pool.DruidDataSource - {dataSource-1} inited
2020-10-16 11:31:38.004 [main] INFO  org.apache.coyote.http11.Http11NioProtocol - Starting ProtocolHandler ["http-nio-9092"]
2020-10-16 11:31:38.026 [main] INFO  o.s.boot.web.embedded.tomcat.TomcatWebServer - Tomcat started on port(s): 9092 (http) with context path ''
2020-10-16 11:31:38.035 [main] INFO  com.dong.empty.SpringbootEmptyApplication - Started SpringbootEmptyApplication in 8.374 seconds (JVM running for 14.993)
2020-10-16 11:31:45.343 [http-nio-9092-exec-1] INFO  o.a.c.core.ContainerBase.[Tomcat].[localhost].[/] - Initializing Spring DispatcherServlet 'dispatcherServlet'
2020-10-16 11:31:45.343 [http-nio-9092-exec-1] INFO  org.springframework.web.servlet.DispatcherServlet - Initializing Servlet 'dispatcherServlet'
2020-10-16 11:31:45.352 [http-nio-9092-exec-1] INFO  org.springframework.web.servlet.DispatcherServlet - Completed initialization in 9 ms
2020-10-16 11:31:45.367 [http-nio-9092-exec-1] INFO  c.d.e.g.config.interceptor.RequestLogInterceptor - http://127.0.0.1:9092/login
2020-10-16 11:31:45.384 [http-nio-9092-exec-1] INFO  c.d.e.g.config.aop.permission.PermissionAspect - RateLimiterAspect: className:LoginController,methodName:login
2020-10-16 11:31:47.515 [http-nio-9092-exec-4] INFO  c.d.e.g.config.interceptor.RequestLogInterceptor - http://127.0.0.1:9092/excel/exportByTemplate
2020-10-16 11:36:57.069 [SpringContextShutdownHook] INFO  com.alibaba.druid.pool.DruidDataSource - {dataSource-1} closing ...
2020-10-16 11:36:57.075 [SpringContextShutdownHook] INFO  com.alibaba.druid.pool.DruidDataSource - {dataSource-1} closed
2020-10-16 11:36:57.076 [SpringContextShutdownHook] INFO  o.s.scheduling.concurrent.ThreadPoolTaskExecutor - Shutting down ExecutorService 'applicationTaskExecutor'
2020-10-16 11:37:08.441 [main] INFO  com.dong.empty.SpringbootEmptyApplication - Starting SpringbootEmptyApplication on DESKTOP-NEGHJBV with PID 32 (D:\workspaces\myself\springboot_empty\target\classes started by asheng in D:\workspaces\myself\springboot_empty)
2020-10-16 11:37:08.445 [main] INFO  com.dong.empty.SpringbootEmptyApplication - No active profile set, falling back to default profiles: default
2020-10-16 11:37:09.730 [main] INFO  o.s.boot.web.embedded.tomcat.TomcatWebServer - Tomcat initialized with port(s): 9092 (http)
2020-10-16 11:37:09.738 [main] INFO  org.apache.coyote.http11.Http11NioProtocol - Initializing ProtocolHandler ["http-nio-9092"]
2020-10-16 11:37:09.739 [main] INFO  org.apache.catalina.core.StandardService - Starting service [Tomcat]
2020-10-16 11:37:09.739 [main] INFO  org.apache.catalina.core.StandardEngine - Starting Servlet engine: [Apache Tomcat/9.0.37]
2020-10-16 11:37:09.870 [main] INFO  o.a.c.core.ContainerBase.[Tomcat].[localhost].[/] - Initializing Spring embedded WebApplicationContext
2020-10-16 11:37:09.870 [main] INFO  o.s.b.w.s.c.ServletWebServerApplicationContext - Root WebApplicationContext: initialization completed in 1373 ms
2020-10-16 11:37:10.208 [main] INFO  o.s.scheduling.concurrent.ThreadPoolTaskExecutor - Initializing ExecutorService 'applicationTaskExecutor'
2020-10-16 11:37:10.427 [main] INFO  c.a.d.s.b.a.DruidDataSourceAutoConfigure - Init DruidDataSource
2020-10-16 11:37:15.866 [main] INFO  com.alibaba.druid.pool.DruidDataSource - {dataSource-1} inited
2020-10-16 11:37:16.127 [main] INFO  org.apache.coyote.http11.Http11NioProtocol - Starting ProtocolHandler ["http-nio-9092"]
2020-10-16 11:37:16.149 [main] INFO  o.s.boot.web.embedded.tomcat.TomcatWebServer - Tomcat started on port(s): 9092 (http) with context path ''
2020-10-16 11:37:16.159 [main] INFO  com.dong.empty.SpringbootEmptyApplication - Started SpringbootEmptyApplication in 8.251 seconds (JVM running for 14.712)
2020-10-16 11:37:20.180 [http-nio-9092-exec-3] INFO  o.a.c.core.ContainerBase.[Tomcat].[localhost].[/] - Initializing Spring DispatcherServlet 'dispatcherServlet'
2020-10-16 11:37:20.180 [http-nio-9092-exec-3] INFO  org.springframework.web.servlet.DispatcherServlet - Initializing Servlet 'dispatcherServlet'
2020-10-16 11:37:20.188 [http-nio-9092-exec-3] INFO  org.springframework.web.servlet.DispatcherServlet - Completed initialization in 8 ms
2020-10-16 11:37:20.201 [http-nio-9092-exec-3] INFO  c.d.e.g.config.interceptor.RequestLogInterceptor - http://127.0.0.1:9092/login
2020-10-16 11:37:20.220 [http-nio-9092-exec-3] INFO  c.d.e.g.config.aop.permission.PermissionAspect - RateLimiterAspect: className:LoginController,methodName:login
2020-10-16 11:37:21.189 [http-nio-9092-exec-1] INFO  c.d.e.g.config.interceptor.RequestLogInterceptor - http://127.0.0.1:9092/excel/exportByTemplate
2020-10-16 11:38:05.008 [SpringContextShutdownHook] INFO  com.alibaba.druid.pool.DruidDataSource - {dataSource-1} closing ...
2020-10-16 11:38:05.014 [SpringContextShutdownHook] INFO  com.alibaba.druid.pool.DruidDataSource - {dataSource-1} closed
2020-10-16 11:38:05.015 [SpringContextShutdownHook] INFO  o.s.scheduling.concurrent.ThreadPoolTaskExecutor - Shutting down ExecutorService 'applicationTaskExecutor'
2020-10-16 11:38:16.491 [main] INFO  com.dong.empty.SpringbootEmptyApplication - Starting SpringbootEmptyApplication on DESKTOP-NEGHJBV with PID 5188 (D:\workspaces\myself\springboot_empty\target\classes started by asheng in D:\workspaces\myself\springboot_empty)
2020-10-16 11:38:16.496 [main] INFO  com.dong.empty.SpringbootEmptyApplication - No active profile set, falling back to default profiles: default
2020-10-16 11:38:17.852 [main] INFO  o.s.boot.web.embedded.tomcat.TomcatWebServer - Tomcat initialized with port(s): 9092 (http)
2020-10-16 11:38:17.860 [main] INFO  org.apache.coyote.http11.Http11NioProtocol - Initializing ProtocolHandler ["http-nio-9092"]
2020-10-16 11:38:17.861 [main] INFO  org.apache.catalina.core.StandardService - Starting service [Tomcat]
2020-10-16 11:38:17.861 [main] INFO  org.apache.catalina.core.StandardEngine - Starting Servlet engine: [Apache Tomcat/9.0.37]
2020-10-16 11:38:17.989 [main] INFO  o.a.c.core.ContainerBase.[Tomcat].[localhost].[/] - Initializing Spring embedded WebApplicationContext
2020-10-16 11:38:17.989 [main] INFO  o.s.b.w.s.c.ServletWebServerApplicationContext - Root WebApplicationContext: initialization completed in 1412 ms
2020-10-16 11:38:18.316 [main] INFO  o.s.scheduling.concurrent.ThreadPoolTaskExecutor - Initializing ExecutorService 'applicationTaskExecutor'
2020-10-16 11:38:18.541 [main] INFO  c.a.d.s.b.a.DruidDataSourceAutoConfigure - Init DruidDataSource
2020-10-16 11:38:23.966 [main] INFO  com.alibaba.druid.pool.DruidDataSource - {dataSource-1} inited
2020-10-16 11:38:24.218 [main] INFO  org.apache.coyote.http11.Http11NioProtocol - Starting ProtocolHandler ["http-nio-9092"]
2020-10-16 11:38:24.242 [main] INFO  o.s.boot.web.embedded.tomcat.TomcatWebServer - Tomcat started on port(s): 9092 (http) with context path ''
2020-10-16 11:38:24.251 [main] INFO  com.dong.empty.SpringbootEmptyApplication - Started SpringbootEmptyApplication in 8.423 seconds (JVM running for 15.057)
2020-10-16 11:38:42.674 [http-nio-9092-exec-1] INFO  o.a.c.core.ContainerBase.[Tomcat].[localhost].[/] - Initializing Spring DispatcherServlet 'dispatcherServlet'
2020-10-16 11:38:42.674 [http-nio-9092-exec-1] INFO  org.springframework.web.servlet.DispatcherServlet - Initializing Servlet 'dispatcherServlet'
2020-10-16 11:38:42.681 [http-nio-9092-exec-1] INFO  org.springframework.web.servlet.DispatcherServlet - Completed initialization in 7 ms
2020-10-16 11:38:42.695 [http-nio-9092-exec-1] INFO  c.d.e.g.config.interceptor.RequestLogInterceptor - http://127.0.0.1:9092/login
2020-10-16 11:38:42.712 [http-nio-9092-exec-1] INFO  c.d.e.g.config.aop.permission.PermissionAspect - RateLimiterAspect: className:LoginController,methodName:login
2020-10-16 11:38:43.873 [http-nio-9092-exec-2] INFO  c.d.e.g.config.interceptor.RequestLogInterceptor - http://127.0.0.1:9092/excel/exportByTemplate
2020-10-16 11:39:02.252 [SpringContextShutdownHook] INFO  com.alibaba.druid.pool.DruidDataSource - {dataSource-1} closing ...
2020-10-16 11:39:02.257 [SpringContextShutdownHook] INFO  com.alibaba.druid.pool.DruidDataSource - {dataSource-1} closed
2020-10-16 11:39:02.257 [SpringContextShutdownHook] INFO  o.s.scheduling.concurrent.ThreadPoolTaskExecutor - Shutting down ExecutorService 'applicationTaskExecutor'
2020-10-16 11:39:14.720 [background-preinit] DEBUG o.h.v.i.engine.ValidatorFactoryConfigurationHelper - HV000252: Using org.hibernate.validator.internal.engine.DefaultPropertyNodeNameProvider as property node name provider.
2020-10-16 11:39:14.813 [main] INFO  com.dong.empty.SpringbootEmptyApplication - Starting SpringbootEmptyApplication on DESKTOP-NEGHJBV with PID 15836 (D:\workspaces\myself\springboot_empty\target\classes started by asheng in D:\workspaces\myself\springboot_empty)
2020-10-16 11:39:14.814 [main] INFO  com.dong.empty.SpringbootEmptyApplication - No active profile set, falling back to default profiles: default
2020-10-16 11:39:16.133 [main] INFO  o.s.boot.web.embedded.tomcat.TomcatWebServer - Tomcat initialized with port(s): 9092 (http)
2020-10-16 11:39:16.144 [main] INFO  org.apache.coyote.http11.Http11NioProtocol - Initializing ProtocolHandler ["http-nio-9092"]
2020-10-16 11:39:16.144 [main] INFO  org.apache.catalina.core.StandardService - Starting service [Tomcat]
2020-10-16 11:39:16.145 [main] INFO  org.apache.catalina.core.StandardEngine - Starting Servlet engine: [Apache Tomcat/9.0.37]
2020-10-16 11:39:16.289 [main] INFO  o.a.c.core.ContainerBase.[Tomcat].[localhost].[/] - Initializing Spring embedded WebApplicationContext
2020-10-16 11:39:16.289 [main] INFO  o.s.b.w.s.c.ServletWebServerApplicationContext - Root WebApplicationContext: initialization completed in 1407 ms
2020-10-16 11:39:16.617 [main] INFO  o.s.scheduling.concurrent.ThreadPoolTaskExecutor - Initializing ExecutorService 'applicationTaskExecutor'
2020-10-16 11:39:16.834 [main] INFO  c.a.d.s.b.a.DruidDataSourceAutoConfigure - Init DruidDataSource
2020-10-16 11:39:22.260 [main] INFO  com.alibaba.druid.pool.DruidDataSource - {dataSource-1} inited
2020-10-16 11:39:22.515 [main] INFO  org.apache.coyote.http11.Http11NioProtocol - Starting ProtocolHandler ["http-nio-9092"]
2020-10-16 11:39:22.537 [main] INFO  o.s.boot.web.embedded.tomcat.TomcatWebServer - Tomcat started on port(s): 9092 (http) with context path ''
2020-10-16 11:39:22.546 [main] INFO  com.dong.empty.SpringbootEmptyApplication - Started SpringbootEmptyApplication in 8.273 seconds (JVM running for 14.759)
2020-10-16 11:39:27.498 [http-nio-9092-exec-1] INFO  o.a.c.core.ContainerBase.[Tomcat].[localhost].[/] - Initializing Spring DispatcherServlet 'dispatcherServlet'
2020-10-16 11:39:27.498 [http-nio-9092-exec-1] INFO  org.springframework.web.servlet.DispatcherServlet - Initializing Servlet 'dispatcherServlet'
2020-10-16 11:39:27.506 [http-nio-9092-exec-1] INFO  org.springframework.web.servlet.DispatcherServlet - Completed initialization in 8 ms
2020-10-16 11:39:27.520 [http-nio-9092-exec-1] INFO  c.d.e.g.config.interceptor.RequestLogInterceptor - http://127.0.0.1:9092/login
2020-10-16 11:39:27.535 [http-nio-9092-exec-1] INFO  c.d.e.g.config.aop.permission.PermissionAspect - RateLimiterAspect: className:LoginController,methodName:login
2020-10-16 11:39:29.643 [http-nio-9092-exec-2] INFO  c.d.e.g.config.interceptor.RequestLogInterceptor - http://127.0.0.1:9092/excel/exportByTemplate
2020-10-16 11:42:32.023 [SpringContextShutdownHook] INFO  com.alibaba.druid.pool.DruidDataSource - {dataSource-1} closing ...
2020-10-16 11:42:32.028 [SpringContextShutdownHook] INFO  com.alibaba.druid.pool.DruidDataSource - {dataSource-1} closed
2020-10-16 11:42:32.028 [SpringContextShutdownHook] INFO  o.s.scheduling.concurrent.ThreadPoolTaskExecutor - Shutting down ExecutorService 'applicationTaskExecutor'
2020-10-16 11:42:43.404 [main] INFO  com.dong.empty.SpringbootEmptyApplication - Starting SpringbootEmptyApplication on DESKTOP-NEGHJBV with PID 11380 (D:\workspaces\myself\springboot_empty\target\classes started by asheng in D:\workspaces\myself\springboot_empty)
2020-10-16 11:42:43.408 [main] INFO  com.dong.empty.SpringbootEmptyApplication - No active profile set, falling back to default profiles: default
2020-10-16 11:42:44.776 [main] INFO  o.s.boot.web.embedded.tomcat.TomcatWebServer - Tomcat initialized with port(s): 9092 (http)
2020-10-16 11:42:44.784 [main] INFO  org.apache.coyote.http11.Http11NioProtocol - Initializing ProtocolHandler ["http-nio-9092"]
2020-10-16 11:42:44.784 [main] INFO  org.apache.catalina.core.StandardService - Starting service [Tomcat]
2020-10-16 11:42:44.784 [main] INFO  org.apache.catalina.core.StandardEngine - Starting Servlet engine: [Apache Tomcat/9.0.37]
2020-10-16 11:42:44.912 [main] INFO  o.a.c.core.ContainerBase.[Tomcat].[localhost].[/] - Initializing Spring embedded WebApplicationContext
2020-10-16 11:42:44.912 [main] INFO  o.s.b.w.s.c.ServletWebServerApplicationContext - Root WebApplicationContext: initialization completed in 1439 ms
2020-10-16 11:42:45.227 [main] INFO  o.s.scheduling.concurrent.ThreadPoolTaskExecutor - Initializing ExecutorService 'applicationTaskExecutor'
2020-10-16 11:42:45.442 [main] INFO  c.a.d.s.b.a.DruidDataSourceAutoConfigure - Init DruidDataSource
2020-10-16 11:42:50.883 [main] INFO  com.alibaba.druid.pool.DruidDataSource - {dataSource-1} inited
2020-10-16 11:42:51.136 [main] INFO  org.apache.coyote.http11.Http11NioProtocol - Starting ProtocolHandler ["http-nio-9092"]
2020-10-16 11:42:51.159 [main] INFO  o.s.boot.web.embedded.tomcat.TomcatWebServer - Tomcat started on port(s): 9092 (http) with context path ''
2020-10-16 11:42:51.167 [main] INFO  com.dong.empty.SpringbootEmptyApplication - Started SpringbootEmptyApplication in 8.334 seconds (JVM running for 14.787)
2020-10-16 11:42:54.826 [http-nio-9092-exec-1] INFO  o.a.c.core.ContainerBase.[Tomcat].[localhost].[/] - Initializing Spring DispatcherServlet 'dispatcherServlet'
2020-10-16 11:42:54.826 [http-nio-9092-exec-1] INFO  org.springframework.web.servlet.DispatcherServlet - Initializing Servlet 'dispatcherServlet'
2020-10-16 11:42:54.833 [http-nio-9092-exec-1] INFO  org.springframework.web.servlet.DispatcherServlet - Completed initialization in 7 ms
2020-10-16 11:42:54.847 [http-nio-9092-exec-1] INFO  c.d.e.g.config.interceptor.RequestLogInterceptor - http://127.0.0.1:9092/login
2020-10-16 11:42:54.864 [http-nio-9092-exec-1] INFO  c.d.e.g.config.aop.permission.PermissionAspect - RateLimiterAspect: className:LoginController,methodName:login
2020-10-16 11:42:56.746 [http-nio-9092-exec-2] INFO  c.d.e.g.config.interceptor.RequestLogInterceptor - http://127.0.0.1:9092/excel/exportByTemplate
2020-10-16 11:45:48.539 [SpringContextShutdownHook] INFO  com.alibaba.druid.pool.DruidDataSource - {dataSource-1} closing ...
2020-10-16 11:45:48.545 [SpringContextShutdownHook] INFO  com.alibaba.druid.pool.DruidDataSource - {dataSource-1} closed
2020-10-16 11:45:48.546 [SpringContextShutdownHook] INFO  o.s.scheduling.concurrent.ThreadPoolTaskExecutor - Shutting down ExecutorService 'applicationTaskExecutor'
2020-10-16 11:46:00.105 [main] INFO  com.dong.empty.SpringbootEmptyApplication - Starting SpringbootEmptyApplication on DESKTOP-NEGHJBV with PID 11980 (D:\workspaces\myself\springboot_empty\target\classes started by asheng in D:\workspaces\myself\springboot_empty)
2020-10-16 11:46:00.109 [main] INFO  com.dong.empty.SpringbootEmptyApplication - No active profile set, falling back to default profiles: default
2020-10-16 11:46:01.420 [main] INFO  o.s.boot.web.embedded.tomcat.TomcatWebServer - Tomcat initialized with port(s): 9092 (http)
2020-10-16 11:46:01.433 [main] INFO  org.apache.coyote.http11.Http11NioProtocol - Initializing ProtocolHandler ["http-nio-9092"]
2020-10-16 11:46:01.434 [main] INFO  org.apache.catalina.core.StandardService - Starting service [Tomcat]
2020-10-16 11:46:01.434 [main] INFO  org.apache.catalina.core.StandardEngine - Starting Servlet engine: [Apache Tomcat/9.0.37]
2020-10-16 11:46:01.567 [main] INFO  o.a.c.core.ContainerBase.[Tomcat].[localhost].[/] - Initializing Spring embedded WebApplicationContext
2020-10-16 11:46:01.567 [main] INFO  o.s.b.w.s.c.ServletWebServerApplicationContext - Root WebApplicationContext: initialization completed in 1394 ms
2020-10-16 11:46:01.886 [main] INFO  o.s.scheduling.concurrent.ThreadPoolTaskExecutor - Initializing ExecutorService 'applicationTaskExecutor'
2020-10-16 11:46:02.097 [main] INFO  c.a.d.s.b.a.DruidDataSourceAutoConfigure - Init DruidDataSource
2020-10-16 11:46:07.576 [main] INFO  com.alibaba.druid.pool.DruidDataSource - {dataSource-1} inited
2020-10-16 11:46:07.833 [main] INFO  org.apache.coyote.http11.Http11NioProtocol - Starting ProtocolHandler ["http-nio-9092"]
2020-10-16 11:46:07.854 [main] INFO  o.s.boot.web.embedded.tomcat.TomcatWebServer - Tomcat started on port(s): 9092 (http) with context path ''
2020-10-16 11:46:07.863 [main] INFO  com.dong.empty.SpringbootEmptyApplication - Started SpringbootEmptyApplication in 8.315 seconds (JVM running for 14.853)
2020-10-16 11:46:11.882 [http-nio-9092-exec-1] INFO  o.a.c.core.ContainerBase.[Tomcat].[localhost].[/] - Initializing Spring DispatcherServlet 'dispatcherServlet'
2020-10-16 11:46:11.882 [http-nio-9092-exec-1] INFO  org.springframework.web.servlet.DispatcherServlet - Initializing Servlet 'dispatcherServlet'
2020-10-16 11:46:11.890 [http-nio-9092-exec-1] INFO  org.springframework.web.servlet.DispatcherServlet - Completed initialization in 8 ms
2020-10-16 11:46:11.907 [http-nio-9092-exec-1] INFO  c.d.e.g.config.interceptor.RequestLogInterceptor - http://127.0.0.1:9092/login
2020-10-16 11:46:11.930 [http-nio-9092-exec-1] INFO  c.d.e.g.config.aop.permission.PermissionAspect - RateLimiterAspect: className:LoginController,methodName:login
2020-10-16 11:46:13.278 [http-nio-9092-exec-2] INFO  c.d.e.g.config.interceptor.RequestLogInterceptor - http://127.0.0.1:9092/excel/exportByTemplate
2020-10-16 11:49:30.929 [SpringContextShutdownHook] INFO  com.alibaba.druid.pool.DruidDataSource - {dataSource-1} closing ...
2020-10-16 11:49:30.935 [SpringContextShutdownHook] INFO  com.alibaba.druid.pool.DruidDataSource - {dataSource-1} closed
2020-10-16 11:49:30.935 [SpringContextShutdownHook] INFO  o.s.scheduling.concurrent.ThreadPoolTaskExecutor - Shutting down ExecutorService 'applicationTaskExecutor'
2020-10-16 11:49:42.795 [main] INFO  com.dong.empty.SpringbootEmptyApplication - Starting SpringbootEmptyApplication on DESKTOP-NEGHJBV with PID 2680 (D:\workspaces\myself\springboot_empty\target\classes started by asheng in D:\workspaces\myself\springboot_empty)
2020-10-16 11:49:42.799 [main] INFO  com.dong.empty.SpringbootEmptyApplication - No active profile set, falling back to default profiles: default
2020-10-16 11:49:44.108 [main] INFO  o.s.boot.web.embedded.tomcat.TomcatWebServer - Tomcat initialized with port(s): 9092 (http)
2020-10-16 11:49:44.121 [main] INFO  org.apache.coyote.http11.Http11NioProtocol - Initializing ProtocolHandler ["http-nio-9092"]
2020-10-16 11:49:44.121 [main] INFO  org.apache.catalina.core.StandardService - Starting service [Tomcat]
2020-10-16 11:49:44.122 [main] INFO  org.apache.catalina.core.StandardEngine - Starting Servlet engine: [Apache Tomcat/9.0.37]
2020-10-16 11:49:44.251 [main] INFO  o.a.c.core.ContainerBase.[Tomcat].[localhost].[/] - Initializing Spring embedded WebApplicationContext
2020-10-16 11:49:44.252 [main] INFO  o.s.b.w.s.c.ServletWebServerApplicationContext - Root WebApplicationContext: initialization completed in 1401 ms
2020-10-16 11:49:44.586 [main] INFO  o.s.scheduling.concurrent.ThreadPoolTaskExecutor - Initializing ExecutorService 'applicationTaskExecutor'
2020-10-16 11:49:44.800 [main] INFO  c.a.d.s.b.a.DruidDataSourceAutoConfigure - Init DruidDataSource
2020-10-16 11:49:50.136 [main] INFO  com.alibaba.druid.pool.DruidDataSource - {dataSource-1} inited
2020-10-16 11:49:50.392 [main] INFO  org.apache.coyote.http11.Http11NioProtocol - Starting ProtocolHandler ["http-nio-9092"]
2020-10-16 11:49:50.413 [main] INFO  o.s.boot.web.embedded.tomcat.TomcatWebServer - Tomcat started on port(s): 9092 (http) with context path ''
2020-10-16 11:49:50.422 [main] INFO  com.dong.empty.SpringbootEmptyApplication - Started SpringbootEmptyApplication in 8.204 seconds (JVM running for 14.653)
2020-10-16 11:49:58.499 [http-nio-9092-exec-1] INFO  o.a.c.core.ContainerBase.[Tomcat].[localhost].[/] - Initializing Spring DispatcherServlet 'dispatcherServlet'
2020-10-16 11:49:58.499 [http-nio-9092-exec-1] INFO  org.springframework.web.servlet.DispatcherServlet - Initializing Servlet 'dispatcherServlet'
2020-10-16 11:49:58.506 [http-nio-9092-exec-1] INFO  org.springframework.web.servlet.DispatcherServlet - Completed initialization in 7 ms
2020-10-16 11:49:58.519 [http-nio-9092-exec-1] INFO  c.d.e.g.config.interceptor.RequestLogInterceptor - http://127.0.0.1:9092/login
2020-10-16 11:49:58.535 [http-nio-9092-exec-1] INFO  c.d.e.g.config.aop.permission.PermissionAspect - RateLimiterAspect: className:LoginController,methodName:login
2020-10-16 11:50:00.657 [http-nio-9092-exec-2] INFO  c.d.e.g.config.interceptor.RequestLogInterceptor - http://127.0.0.1:9092/excel/exportByTemplate
